<?xml version="1.0" encoding="UTF-8"?>
<robot generator="Robot 3.1.1 (Python 3.6.2 on win32)" generated="20190516 09:51:52.949" rpa="false">
<suite id="s1" name="Megtekintes" source="C:\development\robot-scripts\varoskartya\Tests\Felhasznalok_karbantartasa\PARTNEREK\Patner_adatainak_megtekintese\megtekintes.robot">
<kw name="Login and create partners data2" library="partner_adat_megtekintese_resource" type="setup">
<arguments>
<arg>${LOGIN_DATA}</arg>
<arg>${Partner_data1}</arg>
</arguments>
<kw name="Create cim" library="partner_adat_megtekintese_resource">
<arguments>
<arg>${partner_adata}</arg>
</arguments>
<kw name="Create Dictionary" library="BuiltIn">
<doc>Creates and returns a dictionary based on the given ``items``.</doc>
<assign>
<var>${address}</var>
</assign>
<msg timestamp="20190516 09:51:53.623" level="INFO">${address} = {}</msg>
<status status="PASS" starttime="20190516 09:51:53.623" endtime="20190516 09:51:53.623"></status>
</kw>
<kw name="Szotarban Van E" library="mylibrary">
<arguments>
<arg>${da}</arg>
<arg>Companycountry</arg>
</arguments>
<assign>
<var>${country}</var>
</assign>
<msg timestamp="20190516 09:51:53.624" level="INFO">${country} = True</msg>
<status status="PASS" starttime="20190516 09:51:53.623" endtime="20190516 09:51:53.624"></status>
</kw>
<kw name="Run Keyword If" library="BuiltIn">
<doc>Runs the given keyword with the given arguments, if ``condition`` is true.</doc>
<arguments>
<arg>${country}==${TRUE}</arg>
<arg>set to dictionary</arg>
<arg>${address}</arg>
<arg>country</arg>
<arg>${da.Companycountry}</arg>
</arguments>
<kw name="Set To Dictionary" library="Collections">
<doc>Adds the given ``key_value_pairs`` and ``items`` to the ``dictionary``.</doc>
<arguments>
<arg>${address}</arg>
<arg>country</arg>
<arg>${da.Companycountry}</arg>
</arguments>
<status status="PASS" starttime="20190516 09:51:53.624" endtime="20190516 09:51:53.625"></status>
</kw>
<status status="PASS" starttime="20190516 09:51:53.624" endtime="20190516 09:51:53.625"></status>
</kw>
<kw name="Szotarban Van E" library="mylibrary">
<arguments>
<arg>${da}</arg>
<arg>Companyzipcode</arg>
</arguments>
<assign>
<var>${zip}</var>
</assign>
<msg timestamp="20190516 09:51:53.625" level="INFO">${zip} = True</msg>
<status status="PASS" starttime="20190516 09:51:53.625" endtime="20190516 09:51:53.625"></status>
</kw>
<kw name="Run Keyword If" library="BuiltIn">
<doc>Runs the given keyword with the given arguments, if ``condition`` is true.</doc>
<arguments>
<arg>${zip}==${TRUE}</arg>
<arg>set to dictionary</arg>
<arg>${address}</arg>
<arg>zipcode</arg>
<arg>${da.Companyzipcode}</arg>
</arguments>
<kw name="Set To Dictionary" library="Collections">
<doc>Adds the given ``key_value_pairs`` and ``items`` to the ``dictionary``.</doc>
<arguments>
<arg>${address}</arg>
<arg>zipcode</arg>
<arg>${da.Companyzipcode}</arg>
</arguments>
<status status="PASS" starttime="20190516 09:51:53.626" endtime="20190516 09:51:53.626"></status>
</kw>
<status status="PASS" starttime="20190516 09:51:53.625" endtime="20190516 09:51:53.626"></status>
</kw>
<kw name="Szotarban Van E" library="mylibrary">
<arguments>
<arg>${da}</arg>
<arg>Companycounty</arg>
</arguments>
<assign>
<var>${county}</var>
</assign>
<msg timestamp="20190516 09:51:53.627" level="INFO">${county} = True</msg>
<status status="PASS" starttime="20190516 09:51:53.626" endtime="20190516 09:51:53.627"></status>
</kw>
<kw name="Run Keyword If" library="BuiltIn">
<doc>Runs the given keyword with the given arguments, if ``condition`` is true.</doc>
<arguments>
<arg>${county}==${TRUE}</arg>
<arg>set to dictionary</arg>
<arg>${address}</arg>
<arg>county</arg>
<arg>${da.Companycounty}</arg>
</arguments>
<kw name="Set To Dictionary" library="Collections">
<doc>Adds the given ``key_value_pairs`` and ``items`` to the ``dictionary``.</doc>
<arguments>
<arg>${address}</arg>
<arg>county</arg>
<arg>${da.Companycounty}</arg>
</arguments>
<status status="PASS" starttime="20190516 09:51:53.627" endtime="20190516 09:51:53.628"></status>
</kw>
<status status="PASS" starttime="20190516 09:51:53.627" endtime="20190516 09:51:53.628"></status>
</kw>
<kw name="Szotarban Van E" library="mylibrary">
<arguments>
<arg>${da}</arg>
<arg>Companycity</arg>
</arguments>
<assign>
<var>${city}</var>
</assign>
<msg timestamp="20190516 09:51:53.628" level="INFO">${city} = True</msg>
<status status="PASS" starttime="20190516 09:51:53.628" endtime="20190516 09:51:53.628"></status>
</kw>
<kw name="Run Keyword If" library="BuiltIn">
<doc>Runs the given keyword with the given arguments, if ``condition`` is true.</doc>
<arguments>
<arg>${city}==${TRUE}</arg>
<arg>set to dictionary</arg>
<arg>${address}</arg>
<arg>city</arg>
<arg>${da.Companycity}</arg>
</arguments>
<kw name="Set To Dictionary" library="Collections">
<doc>Adds the given ``key_value_pairs`` and ``items`` to the ``dictionary``.</doc>
<arguments>
<arg>${address}</arg>
<arg>city</arg>
<arg>${da.Companycity}</arg>
</arguments>
<status status="PASS" starttime="20190516 09:51:53.629" endtime="20190516 09:51:53.629"></status>
</kw>
<status status="PASS" starttime="20190516 09:51:53.629" endtime="20190516 09:51:53.630"></status>
</kw>
<kw name="Szotarban Van E" library="mylibrary">
<arguments>
<arg>${da}</arg>
<arg>Companystreet</arg>
</arguments>
<assign>
<var>${street}</var>
</assign>
<msg timestamp="20190516 09:51:53.630" level="INFO">${street} = True</msg>
<status status="PASS" starttime="20190516 09:51:53.630" endtime="20190516 09:51:53.630"></status>
</kw>
<kw name="Run Keyword If" library="BuiltIn">
<doc>Runs the given keyword with the given arguments, if ``condition`` is true.</doc>
<arguments>
<arg>${street}==${TRUE}</arg>
<arg>set to dictionary</arg>
<arg>${address}</arg>
<arg>street</arg>
<arg>${da.Companystreet}</arg>
</arguments>
<kw name="Set To Dictionary" library="Collections">
<doc>Adds the given ``key_value_pairs`` and ``items`` to the ``dictionary``.</doc>
<arguments>
<arg>${address}</arg>
<arg>street</arg>
<arg>${da.Companystreet}</arg>
</arguments>
<status status="PASS" starttime="20190516 09:51:53.631" endtime="20190516 09:51:53.631"></status>
</kw>
<status status="PASS" starttime="20190516 09:51:53.630" endtime="20190516 09:51:53.631"></status>
</kw>
<kw name="Szotarban Van E" library="mylibrary">
<arguments>
<arg>${da}</arg>
<arg>Companyhousenumber</arg>
</arguments>
<assign>
<var>${housenumber}</var>
</assign>
<msg timestamp="20190516 09:51:53.632" level="INFO">${housenumber} = True</msg>
<status status="PASS" starttime="20190516 09:51:53.631" endtime="20190516 09:51:53.632"></status>
</kw>
<kw name="Run Keyword If" library="BuiltIn">
<doc>Runs the given keyword with the given arguments, if ``condition`` is true.</doc>
<arguments>
<arg>${housenumber}==${TRUE}</arg>
<arg>set to dictionary</arg>
<arg>${address}</arg>
<arg>housenumber</arg>
<arg>${da.Companyhousenumber}</arg>
</arguments>
<kw name="Set To Dictionary" library="Collections">
<doc>Adds the given ``key_value_pairs`` and ``items`` to the ``dictionary``.</doc>
<arguments>
<arg>${address}</arg>
<arg>housenumber</arg>
<arg>${da.Companyhousenumber}</arg>
</arguments>
<status status="PASS" starttime="20190516 09:51:53.634" endtime="20190516 09:51:53.634"></status>
</kw>
<status status="PASS" starttime="20190516 09:51:53.632" endtime="20190516 09:51:53.634"></status>
</kw>
<kw name="Szotarban Van E" library="mylibrary">
<arguments>
<arg>${da}</arg>
<arg>Companydoor</arg>
</arguments>
<assign>
<var>${door}</var>
</assign>
<msg timestamp="20190516 09:51:53.634" level="INFO">${door} = True</msg>
<status status="PASS" starttime="20190516 09:51:53.634" endtime="20190516 09:51:53.634"></status>
</kw>
<kw name="Run Keyword If" library="BuiltIn">
<doc>Runs the given keyword with the given arguments, if ``condition`` is true.</doc>
<arguments>
<arg>${door}==${TRUE}</arg>
<arg>set to dictionary</arg>
<arg>${address}</arg>
<arg>door</arg>
<arg>${da.Companydoor}</arg>
</arguments>
<kw name="Set To Dictionary" library="Collections">
<doc>Adds the given ``key_value_pairs`` and ``items`` to the ``dictionary``.</doc>
<arguments>
<arg>${address}</arg>
<arg>door</arg>
<arg>${da.Companydoor}</arg>
</arguments>
<status status="PASS" starttime="20190516 09:51:53.635" endtime="20190516 09:51:53.636"></status>
</kw>
<status status="PASS" starttime="20190516 09:51:53.635" endtime="20190516 09:51:53.636"></status>
</kw>
<kw name="Szotarban Van E" library="mylibrary">
<arguments>
<arg>${da}</arg>
<arg>Companyfloor</arg>
</arguments>
<assign>
<var>${floor}</var>
</assign>
<msg timestamp="20190516 09:51:53.636" level="INFO">${floor} = True</msg>
<status status="PASS" starttime="20190516 09:51:53.636" endtime="20190516 09:51:53.636"></status>
</kw>
<kw name="Run Keyword If" library="BuiltIn">
<doc>Runs the given keyword with the given arguments, if ``condition`` is true.</doc>
<arguments>
<arg>${floor}==${TRUE}</arg>
<arg>set to dictionary</arg>
<arg>${address}</arg>
<arg>floor</arg>
<arg>${da.Companyfloor}</arg>
</arguments>
<kw name="Set To Dictionary" library="Collections">
<doc>Adds the given ``key_value_pairs`` and ``items`` to the ``dictionary``.</doc>
<arguments>
<arg>${address}</arg>
<arg>floor</arg>
<arg>${da.Companyfloor}</arg>
</arguments>
<status status="PASS" starttime="20190516 09:51:53.637" endtime="20190516 09:51:53.637"></status>
</kw>
<status status="PASS" starttime="20190516 09:51:53.636" endtime="20190516 09:51:53.637"></status>
</kw>
<kw name="Set Suite Variable" library="BuiltIn">
<doc>Makes a variable available everywhere within the scope of the current suite.</doc>
<arguments>
<arg>${address}</arg>
</arguments>
<msg timestamp="20190516 09:51:53.638" level="INFO">${address} = {'country': 'Magyarország', 'zipcode': '1139', 'county': 'Pest', 'city': 'Budapest', 'street': 'Füredi utca', 'housenumber': '11/D', 'door': '41', 'floor': '10'}</msg>
<status status="PASS" starttime="20190516 09:51:53.637" endtime="20190516 09:51:53.638"></status>
</kw>
<kw name="Log" library="BuiltIn">
<doc>Logs the given message with the given level.</doc>
<arguments>
<arg>${address}</arg>
</arguments>
<msg timestamp="20190516 09:51:53.638" level="INFO">{'country': 'Magyarország', 'zipcode': '1139', 'county': 'Pest', 'city': 'Budapest', 'street': 'Füredi utca', 'housenumber': '11/D', 'door': '41', 'floor': '10'}</msg>
<status status="PASS" starttime="20190516 09:51:53.638" endtime="20190516 09:51:53.639"></status>
</kw>
<status status="PASS" starttime="20190516 09:51:53.622" endtime="20190516 09:51:53.639"></status>
</kw>
<kw name="Create billingaddress" library="partner_adat_megtekintese_resource">
<arguments>
<arg>${partner_adata}</arg>
</arguments>
<kw name="Create Dictionary" library="BuiltIn">
<doc>Creates and returns a dictionary based on the given ``items``.</doc>
<assign>
<var>${baddress}</var>
</assign>
<msg timestamp="20190516 09:51:53.640" level="INFO">${baddress} = {}</msg>
<status status="PASS" starttime="20190516 09:51:53.640" endtime="20190516 09:51:53.640"></status>
</kw>
<kw name="Szotarban Van E" library="mylibrary">
<arguments>
<arg>${da}</arg>
<arg>Billingcountry</arg>
</arguments>
<assign>
<var>${country}</var>
</assign>
<msg timestamp="20190516 09:51:53.641" level="INFO">${country} = True</msg>
<status status="PASS" starttime="20190516 09:51:53.641" endtime="20190516 09:51:53.641"></status>
</kw>
<kw name="Run Keyword If" library="BuiltIn">
<doc>Runs the given keyword with the given arguments, if ``condition`` is true.</doc>
<arguments>
<arg>${country}==${TRUE}</arg>
<arg>set to dictionary</arg>
<arg>${baddress}</arg>
<arg>country</arg>
<arg>${da.Billingcountry}</arg>
</arguments>
<kw name="Set To Dictionary" library="Collections">
<doc>Adds the given ``key_value_pairs`` and ``items`` to the ``dictionary``.</doc>
<arguments>
<arg>${baddress}</arg>
<arg>country</arg>
<arg>${da.Billingcountry}</arg>
</arguments>
<status status="PASS" starttime="20190516 09:51:53.642" endtime="20190516 09:51:53.642"></status>
</kw>
<status status="PASS" starttime="20190516 09:51:53.641" endtime="20190516 09:51:53.642"></status>
</kw>
<kw name="Szotarban Van E" library="mylibrary">
<arguments>
<arg>${da}</arg>
<arg>Billingzipcode</arg>
</arguments>
<assign>
<var>${zip}</var>
</assign>
<msg timestamp="20190516 09:51:53.643" level="INFO">${zip} = True</msg>
<status status="PASS" starttime="20190516 09:51:53.643" endtime="20190516 09:51:53.643"></status>
</kw>
<kw name="Run Keyword If" library="BuiltIn">
<doc>Runs the given keyword with the given arguments, if ``condition`` is true.</doc>
<arguments>
<arg>${zip}==${TRUE}</arg>
<arg>set to dictionary</arg>
<arg>${baddress}</arg>
<arg>zipcode</arg>
<arg>${da.Billingzipcode}</arg>
</arguments>
<kw name="Set To Dictionary" library="Collections">
<doc>Adds the given ``key_value_pairs`` and ``items`` to the ``dictionary``.</doc>
<arguments>
<arg>${baddress}</arg>
<arg>zipcode</arg>
<arg>${da.Billingzipcode}</arg>
</arguments>
<status status="PASS" starttime="20190516 09:51:53.643" endtime="20190516 09:51:53.644"></status>
</kw>
<status status="PASS" starttime="20190516 09:51:53.643" endtime="20190516 09:51:53.644"></status>
</kw>
<kw name="Szotarban Van E" library="mylibrary">
<arguments>
<arg>${da}</arg>
<arg>Billingcounty</arg>
</arguments>
<assign>
<var>${county}</var>
</assign>
<msg timestamp="20190516 09:51:53.644" level="INFO">${county} = True</msg>
<status status="PASS" starttime="20190516 09:51:53.644" endtime="20190516 09:51:53.644"></status>
</kw>
<kw name="Run Keyword If" library="BuiltIn">
<doc>Runs the given keyword with the given arguments, if ``condition`` is true.</doc>
<arguments>
<arg>${county}==${TRUE}</arg>
<arg>set to dictionary</arg>
<arg>${baddress}</arg>
<arg>county</arg>
<arg>${da.Billingcounty}</arg>
</arguments>
<kw name="Set To Dictionary" library="Collections">
<doc>Adds the given ``key_value_pairs`` and ``items`` to the ``dictionary``.</doc>
<arguments>
<arg>${baddress}</arg>
<arg>county</arg>
<arg>${da.Billingcounty}</arg>
</arguments>
<status status="PASS" starttime="20190516 09:51:53.645" endtime="20190516 09:51:53.646"></status>
</kw>
<status status="PASS" starttime="20190516 09:51:53.645" endtime="20190516 09:51:53.646"></status>
</kw>
<kw name="Szotarban Van E" library="mylibrary">
<arguments>
<arg>${da}</arg>
<arg>Billingcity</arg>
</arguments>
<assign>
<var>${city}</var>
</assign>
<msg timestamp="20190516 09:51:53.646" level="INFO">${city} = True</msg>
<status status="PASS" starttime="20190516 09:51:53.646" endtime="20190516 09:51:53.646"></status>
</kw>
<kw name="Run Keyword If" library="BuiltIn">
<doc>Runs the given keyword with the given arguments, if ``condition`` is true.</doc>
<arguments>
<arg>${city}==${TRUE}</arg>
<arg>set to dictionary</arg>
<arg>${baddress}</arg>
<arg>city</arg>
<arg>${da.Billingcity}</arg>
</arguments>
<kw name="Set To Dictionary" library="Collections">
<doc>Adds the given ``key_value_pairs`` and ``items`` to the ``dictionary``.</doc>
<arguments>
<arg>${baddress}</arg>
<arg>city</arg>
<arg>${da.Billingcity}</arg>
</arguments>
<status status="PASS" starttime="20190516 09:51:53.647" endtime="20190516 09:51:53.648"></status>
</kw>
<status status="PASS" starttime="20190516 09:51:53.647" endtime="20190516 09:51:53.648"></status>
</kw>
<kw name="Szotarban Van E" library="mylibrary">
<arguments>
<arg>${da}</arg>
<arg>Billingstreet</arg>
</arguments>
<assign>
<var>${street}</var>
</assign>
<msg timestamp="20190516 09:51:53.648" level="INFO">${street} = True</msg>
<status status="PASS" starttime="20190516 09:51:53.648" endtime="20190516 09:51:53.648"></status>
</kw>
<kw name="Run Keyword If" library="BuiltIn">
<doc>Runs the given keyword with the given arguments, if ``condition`` is true.</doc>
<arguments>
<arg>${street}==${TRUE}</arg>
<arg>set to dictionary</arg>
<arg>${baddress}</arg>
<arg>street</arg>
<arg>${da.Billingstreet}</arg>
</arguments>
<kw name="Set To Dictionary" library="Collections">
<doc>Adds the given ``key_value_pairs`` and ``items`` to the ``dictionary``.</doc>
<arguments>
<arg>${baddress}</arg>
<arg>street</arg>
<arg>${da.Billingstreet}</arg>
</arguments>
<status status="PASS" starttime="20190516 09:51:53.649" endtime="20190516 09:51:53.649"></status>
</kw>
<status status="PASS" starttime="20190516 09:51:53.648" endtime="20190516 09:51:53.649"></status>
</kw>
<kw name="Szotarban Van E" library="mylibrary">
<arguments>
<arg>${da}</arg>
<arg>Billinghousenumber</arg>
</arguments>
<assign>
<var>${housenumber}</var>
</assign>
<msg timestamp="20190516 09:51:53.650" level="INFO">${housenumber} = True</msg>
<status status="PASS" starttime="20190516 09:51:53.649" endtime="20190516 09:51:53.650"></status>
</kw>
<kw name="Run Keyword If" library="BuiltIn">
<doc>Runs the given keyword with the given arguments, if ``condition`` is true.</doc>
<arguments>
<arg>${housenumber}==${TRUE}</arg>
<arg>set to dictionary</arg>
<arg>${baddress}</arg>
<arg>housenumber</arg>
<arg>${da.Billinghousenumber}</arg>
</arguments>
<kw name="Set To Dictionary" library="Collections">
<doc>Adds the given ``key_value_pairs`` and ``items`` to the ``dictionary``.</doc>
<arguments>
<arg>${baddress}</arg>
<arg>housenumber</arg>
<arg>${da.Billinghousenumber}</arg>
</arguments>
<status status="PASS" starttime="20190516 09:51:53.651" endtime="20190516 09:51:53.651"></status>
</kw>
<status status="PASS" starttime="20190516 09:51:53.650" endtime="20190516 09:51:53.651"></status>
</kw>
<kw name="Szotarban Van E" library="mylibrary">
<arguments>
<arg>${da}</arg>
<arg>Companydoor</arg>
</arguments>
<assign>
<var>${door}</var>
</assign>
<msg timestamp="20190516 09:51:53.652" level="INFO">${door} = True</msg>
<status status="PASS" starttime="20190516 09:51:53.651" endtime="20190516 09:51:53.652"></status>
</kw>
<kw name="Run Keyword If" library="BuiltIn">
<doc>Runs the given keyword with the given arguments, if ``condition`` is true.</doc>
<arguments>
<arg>${door}==${TRUE}</arg>
<arg>set to dictionary</arg>
<arg>${baddress}</arg>
<arg>door</arg>
<arg>${da.Billingdoor}</arg>
</arguments>
<kw name="Set To Dictionary" library="Collections">
<doc>Adds the given ``key_value_pairs`` and ``items`` to the ``dictionary``.</doc>
<arguments>
<arg>${baddress}</arg>
<arg>door</arg>
<arg>${da.Billingdoor}</arg>
</arguments>
<status status="PASS" starttime="20190516 09:51:53.653" endtime="20190516 09:51:53.653"></status>
</kw>
<status status="PASS" starttime="20190516 09:51:53.652" endtime="20190516 09:51:53.653"></status>
</kw>
<kw name="Szotarban Van E" library="mylibrary">
<arguments>
<arg>${da}</arg>
<arg>Companyfloor</arg>
</arguments>
<assign>
<var>${floor}</var>
</assign>
<msg timestamp="20190516 09:51:53.654" level="INFO">${floor} = True</msg>
<status status="PASS" starttime="20190516 09:51:53.653" endtime="20190516 09:51:53.654"></status>
</kw>
<kw name="Run Keyword If" library="BuiltIn">
<doc>Runs the given keyword with the given arguments, if ``condition`` is true.</doc>
<arguments>
<arg>${floor}==${TRUE}</arg>
<arg>set to dictionary</arg>
<arg>${baddress}</arg>
<arg>floor</arg>
<arg>${da.Billingfloor}</arg>
</arguments>
<kw name="Set To Dictionary" library="Collections">
<doc>Adds the given ``key_value_pairs`` and ``items`` to the ``dictionary``.</doc>
<arguments>
<arg>${baddress}</arg>
<arg>floor</arg>
<arg>${da.Billingfloor}</arg>
</arguments>
<status status="PASS" starttime="20190516 09:51:53.655" endtime="20190516 09:51:53.655"></status>
</kw>
<status status="PASS" starttime="20190516 09:51:53.654" endtime="20190516 09:51:53.655"></status>
</kw>
<kw name="Set Suite Variable" library="BuiltIn">
<doc>Makes a variable available everywhere within the scope of the current suite.</doc>
<arguments>
<arg>${baddress}</arg>
</arguments>
<msg timestamp="20190516 09:51:53.656" level="INFO">${baddress} = {'country': 'Magyarország', 'zipcode': '1139', 'county': 'Pest', 'city': 'Budapest', 'street': 'Váci út', 'housenumber': '99', 'door': '10', 'floor': '6.'}</msg>
<status status="PASS" starttime="20190516 09:51:53.655" endtime="20190516 09:51:53.656"></status>
</kw>
<kw name="Log" library="BuiltIn">
<doc>Logs the given message with the given level.</doc>
<arguments>
<arg>${baddress}</arg>
</arguments>
<msg timestamp="20190516 09:51:53.657" level="INFO">{'country': 'Magyarország', 'zipcode': '1139', 'county': 'Pest', 'city': 'Budapest', 'street': 'Váci út', 'housenumber': '99', 'door': '10', 'floor': '6.'}</msg>
<status status="PASS" starttime="20190516 09:51:53.657" endtime="20190516 09:51:53.657"></status>
</kw>
<status status="PASS" starttime="20190516 09:51:53.639" endtime="20190516 09:51:53.657"></status>
</kw>
<kw name="Get the email address from the tempmail" library="po_tempmail">
<doc>Megnyitja a böngészőt és temp-emil helyről visszaadja a megjelenő email címet.</doc>
<arguments>
<arg>${bogeszo}</arg>
</arguments>
<assign>
<var>${email}</var>
</assign>
<kw name="Begin web test" library="Common">
<doc>Megnyit egy adott weboldalt a browserrel</doc>
<arguments>
<arg>${PO_TEMPMAIL_URL}</arg>
<arg>${bongeszo}</arg>
</arguments>
<kw name="Open Browser" library="SeleniumLibrary">
<doc>Opens a new browser instance to the given ``url``.</doc>
<arguments>
<arg>about:blank</arg>
<arg>${browser}</arg>
</arguments>
<msg timestamp="20190516 09:51:53.659" level="INFO">Opening browser 'chrome' to base url 'about:blank'.</msg>
<status status="PASS" starttime="20190516 09:51:53.659" endtime="20190516 09:51:56.562"></status>
</kw>
<kw name="Run Keyword If" library="BuiltIn">
<doc>Runs the given keyword with the given arguments, if ``condition`` is true.</doc>
<arguments>
<arg>'${browser}' == 'chrome'</arg>
<arg>maximize browser window</arg>
</arguments>
<kw name="Maximize Browser Window" library="SeleniumLibrary">
<doc>Maximizes current browser window.</doc>
<status status="PASS" starttime="20190516 09:51:56.578" endtime="20190516 09:51:57.712"></status>
</kw>
<status status="PASS" starttime="20190516 09:51:56.577" endtime="20190516 09:51:57.712"></status>
</kw>
<kw name="Go To" library="SeleniumLibrary">
<doc>Navigates the active browser instance to the provided ``url``.</doc>
<arguments>
<arg>${oldal}</arg>
</arguments>
<msg timestamp="20190516 09:51:57.714" level="INFO">Opening url 'https://temp-mail.org/'</msg>
<status status="PASS" starttime="20190516 09:51:57.712" endtime="20190516 09:52:00.822"></status>
</kw>
<status status="PASS" starttime="20190516 09:51:53.658" endtime="20190516 09:52:00.822"></status>
</kw>
<kw name="Wait Until Element Is Visible" library="SeleniumLibrary">
<doc>Waits until element ``locator`` is visible.</doc>
<arguments>
<arg>${PO_TEMPMAIL_EMAIL_ID}</arg>
<arg>${PO_TEMPMAIL_WAITING}</arg>
</arguments>
<status status="PASS" starttime="20190516 09:52:00.823" endtime="20190516 09:52:00.920"></status>
</kw>
<kw name="Get Value" library="SeleniumLibrary">
<doc>Returns the value attribute of element identified by ``locator``.</doc>
<arguments>
<arg>${PO_TEMPMAIL_EMAIL_ID}</arg>
</arguments>
<assign>
<var>${email}</var>
</assign>
<msg timestamp="20190516 09:52:00.947" level="INFO">${email} = cuwepo@first-mail.info</msg>
<status status="PASS" starttime="20190516 09:52:00.921" endtime="20190516 09:52:00.947"></status>
</kw>
<kw name="Log" library="BuiltIn">
<doc>Logs the given message with the given level.</doc>
<arguments>
<arg>${email}</arg>
</arguments>
<msg timestamp="20190516 09:52:00.948" level="INFO">cuwepo@first-mail.info</msg>
<status status="PASS" starttime="20190516 09:52:00.947" endtime="20190516 09:52:00.948"></status>
</kw>
<msg timestamp="20190516 09:52:00.948" level="INFO">${email} = cuwepo@first-mail.info</msg>
<status status="PASS" starttime="20190516 09:51:53.658" endtime="20190516 09:52:00.948"></status>
</kw>
<kw name="Set Variable" library="BuiltIn">
<doc>Returns the given values which can then be assigned to a variables.</doc>
<arguments>
<arg>${email}</arg>
</arguments>
<assign>
<var>${partner_adata.Email}</var>
</assign>
<msg timestamp="20190516 09:52:00.949" level="INFO">${partner_adata.Email} = cuwepo@first-mail.info</msg>
<status status="PASS" starttime="20190516 09:52:00.949" endtime="20190516 09:52:00.949"></status>
</kw>
<kw name="Go To" library="SeleniumLibrary">
<doc>Navigates the active browser instance to the provided ``url``.</doc>
<arguments>
<arg>${OLDAL_URL}</arg>
</arguments>
<msg timestamp="20190516 09:52:00.950" level="INFO">Opening url 'https://dev.stx.interticket.com/'</msg>
<status status="PASS" starttime="20190516 09:52:00.950" endtime="20190516 09:52:12.951"></status>
</kw>
<kw name="Login and go the new partner page" library="Common_resource">
<arguments>
<arg>${login_data}</arg>
</arguments>
<kw name="Login to stemx or stemxcity" library="login_resource">
<arguments>
<arg>${login_data}</arg>
</arguments>
<kw name="Log" library="BuiltIn">
<doc>Logs the given message with the given level.</doc>
<arguments>
<arg>${logindata}</arg>
</arguments>
<msg timestamp="20190516 09:52:12.955" level="INFO">{'email': 'csharp+bob@interticket.hu', 'password': '_Qwer1234', 'partner': 'Interticket', 'language': 'Hun'}</msg>
<status status="PASS" starttime="20190516 09:52:12.955" endtime="20190516 09:52:12.956"></status>
</kw>
<kw name="Run Keyword If" library="BuiltIn">
<doc>Runs the given keyword with the given arguments, if ``condition`` is true.</doc>
<arguments>
<arg>"${DE}" == "stemc"</arg>
<arg>Login to stemxcity</arg>
<arg>${logindata}</arg>
<arg>ELSE IF</arg>
<arg>"${DE}" == "stemx"</arg>
<arg>Login to stemx</arg>
<arg>${logindata}</arg>
</arguments>
<kw name="Login to stemx" library="login_resource">
<arguments>
<arg>${logindata}</arg>
</arguments>
<kw name="Log" library="BuiltIn">
<doc>Logs the given message with the given level.</doc>
<arguments>
<arg>${logindata}</arg>
</arguments>
<msg timestamp="20190516 09:52:12.961" level="INFO">{'email': 'csharp+bob@interticket.hu', 'password': '_Qwer1234', 'partner': 'Interticket', 'language': 'Hun'}</msg>
<status status="PASS" starttime="20190516 09:52:12.960" endtime="20190516 09:52:12.961"></status>
</kw>
<kw name="Wait the stemx login page loaded" library="po_login">
<doc>Megvárja amíg a stemx login page betöltődik.</doc>
<kw name="Wait Until Element Is Visible" library="SeleniumLibrary">
<doc>Waits until element ``locator`` is visible.</doc>
<arguments>
<arg>${PO_LOGIN_BUTTON_STEMX_ID}</arg>
<arg>10</arg>
<arg>error="A stemx login page nem töltődött be"</arg>
</arguments>
<status status="PASS" starttime="20190516 09:52:12.962" endtime="20190516 09:52:13.214"></status>
</kw>
<status status="PASS" starttime="20190516 09:52:12.961" endtime="20190516 09:52:13.214"></status>
</kw>
<kw name="Choose partner on the login page" library="login_resource">
<arguments>
<arg>${logindata.partner}</arg>
</arguments>
<kw name="scrool to partner listbox" library="po_login">
<kw name="Scroll to element" library="Common">
<arguments>
<arg>${PO_LOGIN_LISTBOX}</arg>
<arg>100</arg>
</arguments>
<kw name="Get Vertical Position" library="SeleniumLibrary">
<doc>Returns vertical position of element identified by ``locator``.</doc>
<arguments>
<arg>${element}</arg>
</arguments>
<assign>
<var>${x}</var>
</assign>
<msg timestamp="20190516 09:52:13.235" level="INFO">${x} = 261</msg>
<status status="PASS" starttime="20190516 09:52:13.216" endtime="20190516 09:52:13.235"></status>
</kw>
<kw name="Windows Scroll" library="alap">
<arguments>
<arg>${x}</arg>
<arg>${y}</arg>
</arguments>
<assign>
<var>${x2}</var>
</assign>
<msg timestamp="20190516 09:52:13.236" level="INFO">${x2} = window.scrollTo(0,161)</msg>
<status status="PASS" starttime="20190516 09:52:13.236" endtime="20190516 09:52:13.236"></status>
</kw>
<kw name="Log" library="BuiltIn">
<doc>Logs the given message with the given level.</doc>
<arguments>
<arg>${x2}</arg>
</arguments>
<msg timestamp="20190516 09:52:13.236" level="INFO">window.scrollTo(0,161)</msg>
<status status="PASS" starttime="20190516 09:52:13.236" endtime="20190516 09:52:13.236"></status>
</kw>
<kw name="Execute Javascript" library="SeleniumLibrary">
<doc>Executes the given JavaScript code with possible arguments.</doc>
<arguments>
<arg>${x2}</arg>
</arguments>
<msg timestamp="20190516 09:52:13.238" level="INFO">Executing JavaScript:
window.scrollTo(0,161)
Without any arguments.</msg>
<status status="PASS" starttime="20190516 09:52:13.237" endtime="20190516 09:52:13.244"></status>
</kw>
<status status="PASS" starttime="20190516 09:52:13.216" endtime="20190516 09:52:13.244"></status>
</kw>
<status status="PASS" starttime="20190516 09:52:13.215" endtime="20190516 09:52:13.244"></status>
</kw>
<kw name="Click the partner listbox" library="po_login">
<kw name="Click Element" library="SeleniumLibrary">
<doc>Click element identified by ``locator``.</doc>
<arguments>
<arg>${PO_LOGIN_LISTBOX}</arg>
</arguments>
<msg timestamp="20190516 09:52:13.245" level="INFO">Clicking element 'xpath=//*[@formcontrolname="partnerId"]'.</msg>
<status status="PASS" starttime="20190516 09:52:13.245" endtime="20190516 09:52:13.306"></status>
</kw>
<status status="PASS" starttime="20190516 09:52:13.244" endtime="20190516 09:52:13.306"></status>
</kw>
<kw name="Wait the partner listbox visiable" library="po_login">
<kw name="Wait Until Element Is Visible" library="SeleniumLibrary">
<doc>Waits until element ``locator`` is visible.</doc>
<arguments>
<arg>${PO_LOGIN_PANEL}</arg>
</arguments>
<status status="PASS" starttime="20190516 09:52:13.308" endtime="20190516 09:52:13.337"></status>
</kw>
<status status="PASS" starttime="20190516 09:52:13.307" endtime="20190516 09:52:13.337"></status>
</kw>
<kw name="Get partner listbox item on the login page" library="po_login">
<arguments>
<arg>${item}</arg>
</arguments>
<assign>
<var>${el}</var>
</assign>
<kw name="Get listbox item xpath" library="Common_resource">
<doc>A kiválaszott paraméterben megadott elem xpath értéket visszaadja.
1. xpath paraméterben annak az elemnek az elérését kell megadni ami
a lista id-kat tartalmazza.
2. a class-ban pedig az elemet ami az id-kat tartalmazza.</doc>
<arguments>
<arg>${item}</arg>
<arg>${PO_LOGIN_LISTBOX}</arg>
<arg>${PO_LOGIN_LISTBOX_Class_ID}</arg>
</arguments>
<assign>
<var>${elem}</var>
</assign>
<kw name="Get Element Attribute" library="SeleniumLibrary">
<doc>Returns value of ``attribute`` from element ``locator``.</doc>
<arguments>
<arg>${xpath}</arg>
<arg>${class}</arg>
</arguments>
<assign>
<var>${valami}</var>
</assign>
<msg timestamp="20190516 09:52:13.355" level="INFO">${valami} = mat-option-0 mat-option-1 mat-option-2 mat-option-3</msg>
<status status="PASS" starttime="20190516 09:52:13.338" endtime="20190516 09:52:13.355"></status>
</kw>
<kw name="Log" library="BuiltIn">
<doc>Logs the given message with the given level.</doc>
<arguments>
<arg>${valami}</arg>
</arguments>
<msg timestamp="20190516 09:52:13.355" level="INFO">mat-option-0 mat-option-1 mat-option-2 mat-option-3</msg>
<status status="PASS" starttime="20190516 09:52:13.355" endtime="20190516 09:52:13.355"></status>
</kw>
<kw name="Split The Text" library="mylibrary">
<arguments>
<arg>${valami}</arg>
<arg>${SPACE}</arg>
</arguments>
<assign>
<var>@{elemek}</var>
</assign>
<msg timestamp="20190516 09:52:13.357" level="INFO">@{elemek} = [ mat-option-0 | mat-option-1 | mat-option-2 | mat-option-3 ]</msg>
<status status="PASS" starttime="20190516 09:52:13.356" endtime="20190516 09:52:13.357"></status>
</kw>
<kw name="Log" library="BuiltIn">
<doc>Logs the given message with the given level.</doc>
<arguments>
<arg>${elemek}[0]</arg>
</arguments>
<msg timestamp="20190516 09:52:13.358" level="INFO">mat-option-0</msg>
<status status="PASS" starttime="20190516 09:52:13.357" endtime="20190516 09:52:13.358"></status>
</kw>
<kw name="Log" library="BuiltIn">
<doc>Logs the given message with the given level.</doc>
<arguments>
<arg>${elemek}</arg>
</arguments>
<msg timestamp="20190516 09:52:13.359" level="INFO">['mat-option-0', 'mat-option-1', 'mat-option-2', 'mat-option-3']</msg>
<status status="PASS" starttime="20190516 09:52:13.358" endtime="20190516 09:52:13.359"></status>
</kw>
<kw name="Create Dictionary" library="BuiltIn">
<doc>Creates and returns a dictionary based on the given ``items``.</doc>
<assign>
<var>${szotar}</var>
</assign>
<msg timestamp="20190516 09:52:13.360" level="INFO">${szotar} = {}</msg>
<status status="PASS" starttime="20190516 09:52:13.360" endtime="20190516 09:52:13.360"></status>
</kw>
<kw name="${valt} IN [ @{elemek} ]" type="for">
<kw name="${valt} = mat-option-0" type="foritem">
<kw name="Set Variable" library="BuiltIn">
<doc>Returns the given values which can then be assigned to a variables.</doc>
<arguments>
<arg>//*[@id="${valt}"]/span</arg>
</arguments>
<assign>
<var>${resz}</var>
</assign>
<msg timestamp="20190516 09:52:13.361" level="INFO">${resz} = //*[@id="mat-option-0"]/span</msg>
<status status="PASS" starttime="20190516 09:52:13.361" endtime="20190516 09:52:13.361"></status>
</kw>
<kw name="Get Text" library="SeleniumLibrary">
<doc>Returns the text value of element identified by ``locator``.</doc>
<arguments>
<arg>${resz}</arg>
</arguments>
<assign>
<var>${text}</var>
</assign>
<msg timestamp="20190516 09:52:13.390" level="INFO">${text} = Interticket</msg>
<status status="PASS" starttime="20190516 09:52:13.361" endtime="20190516 09:52:13.390"></status>
</kw>
<kw name="Set To Dictionary" library="Collections">
<doc>Adds the given ``key_value_pairs`` and ``items`` to the ``dictionary``.</doc>
<arguments>
<arg>${szotar}</arg>
<arg>${text}</arg>
<arg>${resz}</arg>
</arguments>
<status status="PASS" starttime="20190516 09:52:13.391" endtime="20190516 09:52:13.391"></status>
</kw>
<status status="PASS" starttime="20190516 09:52:13.361" endtime="20190516 09:52:13.392"></status>
</kw>
<kw name="${valt} = mat-option-1" type="foritem">
<kw name="Set Variable" library="BuiltIn">
<doc>Returns the given values which can then be assigned to a variables.</doc>
<arguments>
<arg>//*[@id="${valt}"]/span</arg>
</arguments>
<assign>
<var>${resz}</var>
</assign>
<msg timestamp="20190516 09:52:13.393" level="INFO">${resz} = //*[@id="mat-option-1"]/span</msg>
<status status="PASS" starttime="20190516 09:52:13.392" endtime="20190516 09:52:13.393"></status>
</kw>
<kw name="Get Text" library="SeleniumLibrary">
<doc>Returns the text value of element identified by ``locator``.</doc>
<arguments>
<arg>${resz}</arg>
</arguments>
<assign>
<var>${text}</var>
</assign>
<msg timestamp="20190516 09:52:13.420" level="INFO">${text} = Teszt</msg>
<status status="PASS" starttime="20190516 09:52:13.393" endtime="20190516 09:52:13.420"></status>
</kw>
<kw name="Set To Dictionary" library="Collections">
<doc>Adds the given ``key_value_pairs`` and ``items`` to the ``dictionary``.</doc>
<arguments>
<arg>${szotar}</arg>
<arg>${text}</arg>
<arg>${resz}</arg>
</arguments>
<status status="PASS" starttime="20190516 09:52:13.420" endtime="20190516 09:52:13.420"></status>
</kw>
<status status="PASS" starttime="20190516 09:52:13.392" endtime="20190516 09:52:13.420"></status>
</kw>
<kw name="${valt} = mat-option-2" type="foritem">
<kw name="Set Variable" library="BuiltIn">
<doc>Returns the given values which can then be assigned to a variables.</doc>
<arguments>
<arg>//*[@id="${valt}"]/span</arg>
</arguments>
<assign>
<var>${resz}</var>
</assign>
<msg timestamp="20190516 09:52:13.422" level="INFO">${resz} = //*[@id="mat-option-2"]/span</msg>
<status status="PASS" starttime="20190516 09:52:13.421" endtime="20190516 09:52:13.422"></status>
</kw>
<kw name="Get Text" library="SeleniumLibrary">
<doc>Returns the text value of element identified by ``locator``.</doc>
<arguments>
<arg>${resz}</arg>
</arguments>
<assign>
<var>${text}</var>
</assign>
<msg timestamp="20190516 09:52:13.453" level="INFO">${text} = Teszt2</msg>
<status status="PASS" starttime="20190516 09:52:13.423" endtime="20190516 09:52:13.454"></status>
</kw>
<kw name="Set To Dictionary" library="Collections">
<doc>Adds the given ``key_value_pairs`` and ``items`` to the ``dictionary``.</doc>
<arguments>
<arg>${szotar}</arg>
<arg>${text}</arg>
<arg>${resz}</arg>
</arguments>
<status status="PASS" starttime="20190516 09:52:13.454" endtime="20190516 09:52:13.455"></status>
</kw>
<status status="PASS" starttime="20190516 09:52:13.420" endtime="20190516 09:52:13.455"></status>
</kw>
<kw name="${valt} = mat-option-3" type="foritem">
<kw name="Set Variable" library="BuiltIn">
<doc>Returns the given values which can then be assigned to a variables.</doc>
<arguments>
<arg>//*[@id="${valt}"]/span</arg>
</arguments>
<assign>
<var>${resz}</var>
</assign>
<msg timestamp="20190516 09:52:13.456" level="INFO">${resz} = //*[@id="mat-option-3"]/span</msg>
<status status="PASS" starttime="20190516 09:52:13.455" endtime="20190516 09:52:13.456"></status>
</kw>
<kw name="Get Text" library="SeleniumLibrary">
<doc>Returns the text value of element identified by ``locator``.</doc>
<arguments>
<arg>${resz}</arg>
</arguments>
<assign>
<var>${text}</var>
</assign>
<msg timestamp="20190516 09:52:13.483" level="INFO">${text} = Valami cég</msg>
<status status="PASS" starttime="20190516 09:52:13.456" endtime="20190516 09:52:13.483"></status>
</kw>
<kw name="Set To Dictionary" library="Collections">
<doc>Adds the given ``key_value_pairs`` and ``items`` to the ``dictionary``.</doc>
<arguments>
<arg>${szotar}</arg>
<arg>${text}</arg>
<arg>${resz}</arg>
</arguments>
<status status="PASS" starttime="20190516 09:52:13.483" endtime="20190516 09:52:13.483"></status>
</kw>
<status status="PASS" starttime="20190516 09:52:13.455" endtime="20190516 09:52:13.483"></status>
</kw>
<status status="PASS" starttime="20190516 09:52:13.360" endtime="20190516 09:52:13.484"></status>
</kw>
<kw name="Log" library="BuiltIn">
<doc>Logs the given message with the given level.</doc>
<arguments>
<arg>${szotar}</arg>
</arguments>
<msg timestamp="20190516 09:52:13.484" level="INFO">{'Interticket': '//*[@id="mat-option-0"]/span', 'Teszt': '//*[@id="mat-option-1"]/span', 'Teszt2': '//*[@id="mat-option-2"]/span', 'Valami cég': '//*[@id="mat-option-3"]/span'}</msg>
<status status="PASS" starttime="20190516 09:52:13.484" endtime="20190516 09:52:13.484"></status>
</kw>
<kw name="Get From Dictionary" library="Collections">
<doc>Returns a value from the given ``dictionary`` based on the given ``key``.</doc>
<arguments>
<arg>${szotar}</arg>
<arg>${kivlasztott}</arg>
</arguments>
<assign>
<var>${el}</var>
</assign>
<msg timestamp="20190516 09:52:13.485" level="INFO">${el} = //*[@id="mat-option-0"]/span</msg>
<status status="PASS" starttime="20190516 09:52:13.484" endtime="20190516 09:52:13.485"></status>
</kw>
<msg timestamp="20190516 09:52:13.485" level="INFO">${elem} = //*[@id="mat-option-0"]/span</msg>
<status status="PASS" starttime="20190516 09:52:13.338" endtime="20190516 09:52:13.485"></status>
</kw>
<msg timestamp="20190516 09:52:13.485" level="INFO">${el} = //*[@id="mat-option-0"]/span</msg>
<status status="PASS" starttime="20190516 09:52:13.337" endtime="20190516 09:52:13.485"></status>
</kw>
<kw name="Click Element" library="SeleniumLibrary">
<doc>Click element identified by ``locator``.</doc>
<arguments>
<arg>${el}</arg>
</arguments>
<msg timestamp="20190516 09:52:13.485" level="INFO">Clicking element '//*[@id="mat-option-0"]/span'.</msg>
<status status="PASS" starttime="20190516 09:52:13.485" endtime="20190516 09:52:13.539"></status>
</kw>
<status status="PASS" starttime="20190516 09:52:13.215" endtime="20190516 09:52:13.539"></status>
</kw>
<kw name="Push the login button on the stemx login page" library="po_login">
<doc>A stemx login page-n megnyomja a login gombot.
Innen irányítódik tovább az ügyfél.</doc>
<kw name="Click Element" library="SeleniumLibrary">
<doc>Click element identified by ``locator``.</doc>
<arguments>
<arg>${PO_LOGIN_BUTTON_STEMX_ID}</arg>
</arguments>
<msg timestamp="20190516 09:52:13.540" level="INFO">Clicking element 'xpath=//*[@class="button expanded"]'.</msg>
<status status="PASS" starttime="20190516 09:52:13.540" endtime="20190516 09:52:14.364"></status>
</kw>
<status status="PASS" starttime="20190516 09:52:13.540" endtime="20190516 09:52:14.364"></status>
</kw>
<kw name="Waiting clogin page loaded" library="po_clogin_page">
<doc>Megvárja amíg a clogin page betöltődik.</doc>
<kw name="Wait Until Element Is Visible" library="SeleniumLibrary">
<doc>Waits until element ``locator`` is visible.</doc>
<arguments>
<arg>${PO_CLOGIN_PAGE_LOGIN_BUTTON_ID}</arg>
</arguments>
<status status="PASS" starttime="20190516 09:52:14.366" endtime="20190516 09:52:14.398"></status>
</kw>
<status status="PASS" starttime="20190516 09:52:14.365" endtime="20190516 09:52:14.398"></status>
</kw>
<kw name="Give the login data on the clogin page" library="po_clogin_page">
<doc>A Clgoin page-en megadja a login nevet és a jelszót.</doc>
<arguments>
<arg>${logindata.email}</arg>
<arg>${logindata.password}</arg>
</arguments>
<kw name="Give the username on the clogin page" library="po_clogin_page">
<doc>Megadja a login nevet a clogin paga-en.</doc>
<arguments>
<arg>${login}</arg>
</arguments>
<kw name="Input Text" library="SeleniumLibrary">
<doc>Types the given ``text`` into text field identified by ``locator``.</doc>
<arguments>
<arg>${PO_CLOGIN_PAGE_LOGIN_INPUT_ID}</arg>
<arg>${login}</arg>
</arguments>
<msg timestamp="20190516 09:52:14.400" level="INFO">Typing text 'csharp+bob@interticket.hu' into text field 'id=Username'.</msg>
<status status="PASS" starttime="20190516 09:52:14.400" endtime="20190516 09:52:14.721"></status>
</kw>
<status status="PASS" starttime="20190516 09:52:14.399" endtime="20190516 09:52:14.721"></status>
</kw>
<kw name="Give the password on the clogin page" library="po_clogin_page">
<doc>Megadja a login jelszót a clgoin page oldalon.</doc>
<arguments>
<arg>${password}</arg>
</arguments>
<kw name="Input Text" library="SeleniumLibrary">
<doc>Types the given ``text`` into text field identified by ``locator``.</doc>
<arguments>
<arg>${PO_CLOGIN_PAGE_PASSWORD_INPUT_ID}</arg>
<arg>${password}</arg>
</arguments>
<msg timestamp="20190516 09:52:14.723" level="INFO">Typing text '_Qwer1234' into text field 'id=Password'.</msg>
<status status="PASS" starttime="20190516 09:52:14.723" endtime="20190516 09:52:14.834"></status>
</kw>
<status status="PASS" starttime="20190516 09:52:14.722" endtime="20190516 09:52:14.834"></status>
</kw>
<status status="PASS" starttime="20190516 09:52:14.398" endtime="20190516 09:52:14.834"></status>
</kw>
<kw name="Push the login button on the clogin page" library="po_clogin_page">
<doc>Megnyomja a login gombot a clogin page-en</doc>
<kw name="Click Element" library="SeleniumLibrary">
<doc>Click element identified by ``locator``.</doc>
<arguments>
<arg>${PO_CLOGIN_PAGE_LOGIN_BUTTON_ID}</arg>
</arguments>
<msg timestamp="20190516 09:52:14.836" level="INFO">Clicking element 'xpath=//button[@value="login"]'.</msg>
<status status="PASS" starttime="20190516 09:52:14.835" endtime="20190516 09:52:28.665"></status>
</kw>
<status status="PASS" starttime="20190516 09:52:14.835" endtime="20190516 09:52:28.665"></status>
</kw>
<kw name="Check the login succes or not" library="login_resource">
<kw name="Wait for the icon after the login" library="po_login">
<kw name="Wait Until Element Is Visible" library="SeleniumLibrary">
<doc>Waits until element ``locator`` is visible.</doc>
<arguments>
<arg>${PO_LOGIN_ICON_ID}</arg>
<arg>10</arg>
</arguments>
<status status="PASS" starttime="20190516 09:52:28.667" endtime="20190516 09:52:29.389"></status>
</kw>
<status status="PASS" starttime="20190516 09:52:28.666" endtime="20190516 09:52:29.389"></status>
</kw>
<kw name="Sleep" library="BuiltIn">
<doc>Pauses the test executed for the given time.</doc>
<arguments>
<arg>1s</arg>
</arguments>
<msg timestamp="20190516 09:52:30.390" level="INFO">Slept 1 second</msg>
<status status="PASS" starttime="20190516 09:52:29.389" endtime="20190516 09:52:30.390"></status>
</kw>
<status status="PASS" starttime="20190516 09:52:28.665" endtime="20190516 09:52:30.390"></status>
</kw>
<kw name="Log" library="BuiltIn">
<doc>Logs the given message with the given level.</doc>
<arguments>
<arg>${logindata.language}</arg>
</arguments>
<msg timestamp="20190516 09:52:30.391" level="INFO">Hun</msg>
<status status="PASS" starttime="20190516 09:52:30.390" endtime="20190516 09:52:30.391"></status>
</kw>
<kw name="Check and set language2" library="po_mymenu">
<arguments>
<arg>${DEFAULT_LANGUAGE}</arg>
<arg>${logindata.language}</arg>
</arguments>
<kw name="Log" library="BuiltIn">
<doc>Logs the given message with the given level.</doc>
<arguments>
<arg>${defaultlan}</arg>
</arguments>
<msg timestamp="20190516 09:52:30.392" level="INFO">En</msg>
<status status="PASS" starttime="20190516 09:52:30.392" endtime="20190516 09:52:30.392"></status>
</kw>
<kw name="Log" library="BuiltIn">
<doc>Logs the given message with the given level.</doc>
<arguments>
<arg>${lan}</arg>
</arguments>
<msg timestamp="20190516 09:52:30.392" level="INFO">Hun</msg>
<status status="PASS" starttime="20190516 09:52:30.392" endtime="20190516 09:52:30.392"></status>
</kw>
<kw name="Run Keyword If" library="BuiltIn">
<doc>Runs the given keyword with the given arguments, if ``condition`` is true.</doc>
<arguments>
<arg>"${lan}" != "${defaultlan}"</arg>
<arg>Set the language</arg>
<arg>${lan}</arg>
</arguments>
<kw name="Set the language" library="po_mymenu">
<arguments>
<arg>${lan}</arg>
</arguments>
<kw name="Run Keyword If" library="BuiltIn">
<doc>Runs the given keyword with the given arguments, if ``condition`` is true.</doc>
<arguments>
<arg>"${lan}"=="Hun"</arg>
<arg>Change the language to hungarian via mymenu</arg>
<arg>ELSE IF</arg>
<arg>"${lan}"=="En"</arg>
<arg>Change the language to English via mymenu</arg>
</arguments>
<kw name="Change the language to hungarian via mymenu" library="po_mymenu">
<doc>A nyelvet magyarra beállítja a mymenu-n keresztül.</doc>
<kw name="Click the Mymenu" library="po_mymenu">
<doc>A Mymenu ikonkra kattint</doc>
<kw name="Click Element" library="SeleniumLibrary">
<doc>Click element identified by ``locator``.</doc>
<arguments>
<arg>${PO_MYMENU_MENU_ID}</arg>
</arguments>
<msg timestamp="20190516 09:52:30.396" level="INFO">Clicking element 'xpath=//*[@class="user-profile"]'.</msg>
<status status="PASS" starttime="20190516 09:52:30.396" endtime="20190516 09:52:30.481"></status>
</kw>
<kw name="Wait Until Element Is Visible" library="SeleniumLibrary">
<doc>Waits until element ``locator`` is visible.</doc>
<arguments>
<arg>${PO_MYMENU_SUBMENU_ID}</arg>
</arguments>
<status status="PASS" starttime="20190516 09:52:30.481" endtime="20190516 09:52:30.714"></status>
</kw>
<kw name="Sleep" library="BuiltIn">
<doc>Pauses the test executed for the given time.</doc>
<arguments>
<arg>1s</arg>
</arguments>
<msg timestamp="20190516 09:52:31.715" level="INFO">Slept 1 second</msg>
<status status="PASS" starttime="20190516 09:52:30.714" endtime="20190516 09:52:31.715"></status>
</kw>
<status status="PASS" starttime="20190516 09:52:30.395" endtime="20190516 09:52:31.715"></status>
</kw>
<kw name="Click the language" library="po_mymenu">
<kw name="Click Element" library="SeleniumLibrary">
<doc>Click element identified by ``locator``.</doc>
<arguments>
<arg>id=menu_language</arg>
</arguments>
<msg timestamp="20190516 09:52:31.716" level="INFO">Clicking element 'id=menu_language'.</msg>
<status status="PASS" starttime="20190516 09:52:31.716" endtime="20190516 09:52:31.802"></status>
</kw>
<status status="PASS" starttime="20190516 09:52:31.715" endtime="20190516 09:52:31.802"></status>
</kw>
<kw name="Wait the language submenu appear" library="po_mymenu">
<kw name="Get Element Attribute" library="SeleniumLibrary">
<doc>Returns value of ``attribute`` from element ``locator``.</doc>
<arguments>
<arg>//*[@class="cdk-overlay-pane"]</arg>
<arg>id</arg>
</arguments>
<assign>
<var>${idfomenu}</var>
</assign>
<msg timestamp="20190516 09:52:31.822" level="INFO">${idfomenu} = cdk-overlay-0</msg>
<status status="PASS" starttime="20190516 09:52:31.803" endtime="20190516 09:52:31.822"></status>
</kw>
<kw name="Log" library="BuiltIn">
<doc>Logs the given message with the given level.</doc>
<arguments>
<arg>${idfomenu}</arg>
</arguments>
<msg timestamp="20190516 09:52:31.823" level="INFO">cdk-overlay-0</msg>
<status status="PASS" starttime="20190516 09:52:31.823" endtime="20190516 09:52:31.824"></status>
</kw>
<kw name="Almenu Id Szoveg" library="mylibrary">
<arguments>
<arg>${idfomenu}</arg>
</arguments>
<assign>
<var>${almenu}</var>
</assign>
<msg timestamp="20190516 09:52:31.825" level="INFO">${almenu} = cdk-overlay-1</msg>
<status status="PASS" starttime="20190516 09:52:31.824" endtime="20190516 09:52:31.825"></status>
</kw>
<kw name="Log" library="BuiltIn">
<doc>Logs the given message with the given level.</doc>
<arguments>
<arg>${almenu}</arg>
</arguments>
<msg timestamp="20190516 09:52:31.825" level="INFO">cdk-overlay-1</msg>
<status status="PASS" starttime="20190516 09:52:31.825" endtime="20190516 09:52:31.826"></status>
</kw>
<kw name="Wait Until Element Is Visible" library="SeleniumLibrary">
<doc>Waits until element ``locator`` is visible.</doc>
<arguments>
<arg>id=${almenu}</arg>
</arguments>
<status status="PASS" starttime="20190516 09:52:31.826" endtime="20190516 09:52:31.855"></status>
</kw>
<status status="PASS" starttime="20190516 09:52:31.803" endtime="20190516 09:52:31.855"></status>
</kw>
<kw name="click the hungarian language" library="po_mymenu">
<kw name="Click Element" library="SeleniumLibrary">
<doc>Click element identified by ``locator``.</doc>
<arguments>
<arg>id=menu_change_languagehu</arg>
</arguments>
<msg timestamp="20190516 09:52:31.857" level="INFO">Clicking element 'id=menu_change_languagehu'.</msg>
<status status="PASS" starttime="20190516 09:52:31.857" endtime="20190516 09:52:43.232"></status>
</kw>
<status status="PASS" starttime="20190516 09:52:31.856" endtime="20190516 09:52:43.232"></status>
</kw>
<kw name="Waiting the page loaded" library="po_mymenu">
<kw name="Wait Until Element Is Visible" library="SeleniumLibrary">
<doc>Waits until element ``locator`` is visible.</doc>
<arguments>
<arg>${PO_MYMENU_MENU_ID}</arg>
<arg>${PO_WAITING1}</arg>
</arguments>
<status status="PASS" starttime="20190516 09:52:43.233" endtime="20190516 09:52:43.787"></status>
</kw>
<kw name="Sleep" library="BuiltIn">
<doc>Pauses the test executed for the given time.</doc>
<arguments>
<arg>2s</arg>
</arguments>
<msg timestamp="20190516 09:52:45.790" level="INFO">Slept 2 seconds</msg>
<status status="PASS" starttime="20190516 09:52:43.788" endtime="20190516 09:52:45.790"></status>
</kw>
<status status="PASS" starttime="20190516 09:52:43.233" endtime="20190516 09:52:45.790"></status>
</kw>
<status status="PASS" starttime="20190516 09:52:30.394" endtime="20190516 09:52:45.790"></status>
</kw>
<status status="PASS" starttime="20190516 09:52:30.394" endtime="20190516 09:52:45.790"></status>
</kw>
<status status="PASS" starttime="20190516 09:52:30.393" endtime="20190516 09:52:45.790"></status>
</kw>
<status status="PASS" starttime="20190516 09:52:30.393" endtime="20190516 09:52:45.790"></status>
</kw>
<status status="PASS" starttime="20190516 09:52:30.391" endtime="20190516 09:52:45.791"></status>
</kw>
<status status="PASS" starttime="20190516 09:52:12.959" endtime="20190516 09:52:45.791"></status>
</kw>
<status status="PASS" starttime="20190516 09:52:12.958" endtime="20190516 09:52:45.791"></status>
</kw>
<status status="PASS" starttime="20190516 09:52:12.953" endtime="20190516 09:52:45.791"></status>
</kw>
<kw name="Go to the partners page via menu" library="po_menu">
<kw name="Click the felhasznalok karbantartasa" library="po_menu">
<doc>A menüben a felhasználók karbantartása menüpontra kattint.</doc>
<kw name="Click Element" library="SeleniumLibrary">
<doc>Click element identified by ``locator``.</doc>
<arguments>
<arg>${PO_MENU_FELHASZNALOK_KARB_ID}</arg>
</arguments>
<msg timestamp="20190516 09:52:45.792" level="INFO">Clicking element 'id=user_management_menu'.</msg>
<status status="PASS" starttime="20190516 09:52:45.792" endtime="20190516 09:52:45.876"></status>
</kw>
<status status="PASS" starttime="20190516 09:52:45.791" endtime="20190516 09:52:45.877"></status>
</kw>
<kw name="Wait the felhasznalaok karbantartasa submenu visiable" library="po_menu">
<doc>Megvárjuk míg a submenu megjelenik.</doc>
<kw name="Get Element Attribute" library="SeleniumLibrary">
<doc>Returns value of ``attribute`` from element ``locator``.</doc>
<arguments>
<arg>xpath=//*[@id="user_management_menu"]//mat-expansion-panel-header</arg>
<arg>aria-controls</arg>
</arguments>
<assign>
<var>${sumenu}</var>
</assign>
<msg timestamp="20190516 09:52:45.905" level="INFO">${sumenu} = cdk-accordion-child-0</msg>
<status status="PASS" starttime="20190516 09:52:45.878" endtime="20190516 09:52:45.905"></status>
</kw>
<kw name="Wait Until Element Is Visible" library="SeleniumLibrary">
<doc>Waits until element ``locator`` is visible.</doc>
<arguments>
<arg>xpath=//*[@id="${sumenu}"]</arg>
</arguments>
<status status="PASS" starttime="20190516 09:52:45.905" endtime="20190516 09:52:45.947"></status>
</kw>
<status status="PASS" starttime="20190516 09:52:45.877" endtime="20190516 09:52:45.948"></status>
</kw>
<kw name="Click the partner menu" library="po_menu">
<kw name="Sleep" library="BuiltIn">
<doc>Pauses the test executed for the given time.</doc>
<arguments>
<arg>1s</arg>
</arguments>
<msg timestamp="20190516 09:52:46.951" level="INFO">Slept 1 second</msg>
<status status="PASS" starttime="20190516 09:52:45.949" endtime="20190516 09:52:46.951"></status>
</kw>
<kw name="Click Element" library="SeleniumLibrary">
<doc>Click element identified by ``locator``.</doc>
<arguments>
<arg>${PO_MENU_FELHASZNALOK_KARB_PARTNER_ID}</arg>
</arguments>
<msg timestamp="20190516 09:52:46.952" level="INFO">Clicking element 'id=partners_submenu'.</msg>
<status status="PASS" starttime="20190516 09:52:46.951" endtime="20190516 09:52:47.057"></status>
</kw>
<status status="PASS" starttime="20190516 09:52:45.948" endtime="20190516 09:52:47.057"></status>
</kw>
<kw name="Waiting the partner page loaded" library="po_partners">
<kw name="Wait the search input apper" library="po_partners">
<kw name="Wait Until Element Is Visible" library="SeleniumLibrary">
<doc>Waits until element ``locator`` is visible.</doc>
<arguments>
<arg>${PO_PARTNERS_SEARCH_INPUT_ID}</arg>
</arguments>
<status status="PASS" starttime="20190516 09:52:47.058" endtime="20190516 09:52:48.236"></status>
</kw>
<status status="PASS" starttime="20190516 09:52:47.058" endtime="20190516 09:52:48.236"></status>
</kw>
<kw name="Sleep" library="BuiltIn">
<doc>Pauses the test executed for the given time.</doc>
<arguments>
<arg>1s</arg>
</arguments>
<msg timestamp="20190516 09:52:49.239" level="INFO">Slept 1 second</msg>
<status status="PASS" starttime="20190516 09:52:48.237" endtime="20190516 09:52:49.239"></status>
</kw>
<status status="PASS" starttime="20190516 09:52:47.057" endtime="20190516 09:52:49.239"></status>
</kw>
<status status="PASS" starttime="20190516 09:52:45.791" endtime="20190516 09:52:49.239"></status>
</kw>
<status status="PASS" starttime="20190516 09:52:12.951" endtime="20190516 09:52:49.239"></status>
</kw>
<kw name="Create new partner" library="partner_letre_folyamat_resource">
<doc>Létrehoz egy új partnert. A folyamat a partnerek oldalról indul.
1. Megnyomja a új partner.
2. Megvárja míg az oldal betöltődik.
3. Megadja a partner adatait ami a változóban jönnek.
4. Megnyomja a mentés gombot.
5. Megvárja amígy a mentés sikeresen megjelenik.</doc>
<arguments>
<arg>${partner_adata}</arg>
</arguments>
<kw name="Click the new partner" library="po_partners">
<doc>Rákattint a partner létrehozása gombra.</doc>
<kw name="Click Element" library="SeleniumLibrary">
<doc>Click element identified by ``locator``.</doc>
<arguments>
<arg>${PO_PARTNERS_ADD_PARNTER_BUTTON_ID}</arg>
</arguments>
<msg timestamp="20190516 09:52:49.241" level="INFO">Clicking element 'id=new_button'.</msg>
<status status="PASS" starttime="20190516 09:52:49.240" endtime="20190516 09:52:49.418"></status>
</kw>
<status status="PASS" starttime="20190516 09:52:49.240" endtime="20190516 09:52:49.418"></status>
</kw>
<kw name="Waiting the new partner page loaded" library="po_partners">
<doc>Megvárjva amíg a partner létrehozása oldal betöltődik.</doc>
<kw name="Wait Until Element Is Visible" library="SeleniumLibrary">
<doc>Waits until element ``locator`` is visible.</doc>
<arguments>
<arg>${PO_PARTNERS_FIRSTNAME_INPUT_ID}</arg>
</arguments>
<status status="PASS" starttime="20190516 09:52:49.419" endtime="20190516 09:52:49.456"></status>
</kw>
<status status="PASS" starttime="20190516 09:52:49.418" endtime="20190516 09:52:49.456"></status>
</kw>
<kw name="Give the all partner data" library="Common_resource">
<arguments>
<arg>${partner_data}</arg>
</arguments>
<kw name="Szotarban Van E" library="mylibrary">
<arguments>
<arg>${ADATOK}</arg>
<arg>Firstname</arg>
</arguments>
<assign>
<var>${vfirstname}</var>
</assign>
<msg timestamp="20190516 09:52:49.457" level="INFO">${vfirstname} = True</msg>
<status status="PASS" starttime="20190516 09:52:49.457" endtime="20190516 09:52:49.457"></status>
</kw>
<kw name="Run Keyword If" library="BuiltIn">
<doc>Runs the given keyword with the given arguments, if ``condition`` is true.</doc>
<arguments>
<arg>${vfirstname}==${TRUE}</arg>
<arg>give the firstname</arg>
<arg>${ADATOK}[Firstname]</arg>
</arguments>
<kw name="Give the firstname" library="po_partners">
<doc>Megadjuk a first nevet a partner meghívása oldalon.</doc>
<arguments>
<arg>${ADATOK}[Firstname]</arg>
</arguments>
<kw name="Input Text" library="SeleniumLibrary">
<doc>Types the given ``text`` into text field identified by ``locator``.</doc>
<arguments>
<arg>${PO_PARTNERS_FIRSTNAME_INPUT_ID}</arg>
<arg>${firstname}</arg>
</arguments>
<msg timestamp="20190516 09:52:49.459" level="INFO">Typing text 'Vincze' into text field 'xpath=//input[@formcontrolname="firstName"]'.</msg>
<status status="PASS" starttime="20190516 09:52:49.459" endtime="20190516 09:52:49.635"></status>
</kw>
<status status="PASS" starttime="20190516 09:52:49.458" endtime="20190516 09:52:49.635"></status>
</kw>
<status status="PASS" starttime="20190516 09:52:49.458" endtime="20190516 09:52:49.635"></status>
</kw>
<kw name="Szotarban Van E" library="mylibrary">
<arguments>
<arg>${ADATOK}</arg>
<arg>Lastname</arg>
</arguments>
<assign>
<var>${vlastname}</var>
</assign>
<msg timestamp="20190516 09:52:49.636" level="INFO">${vlastname} = True</msg>
<status status="PASS" starttime="20190516 09:52:49.635" endtime="20190516 09:52:49.636"></status>
</kw>
<kw name="Run Keyword If" library="BuiltIn">
<doc>Runs the given keyword with the given arguments, if ``condition`` is true.</doc>
<arguments>
<arg>${vlastname}==${TRUE}</arg>
<arg>give the lastname</arg>
<arg>${ADATOK}[Lastname]</arg>
</arguments>
<kw name="Give the lastname" library="po_partners">
<doc>Megadjuk a lastname-t a partner meghívása oldalon.</doc>
<arguments>
<arg>${ADATOK}[Lastname]</arg>
</arguments>
<kw name="Input Text" library="SeleniumLibrary">
<doc>Types the given ``text`` into text field identified by ``locator``.</doc>
<arguments>
<arg>${PO_PARTNERS_LASTNAME_INPUT_ID}</arg>
<arg>${lastname}</arg>
</arguments>
<msg timestamp="20190516 09:52:49.638" level="INFO">Typing text 'Tamás' into text field 'xpath=//input[@formcontrolname="lastName"]'.</msg>
<status status="PASS" starttime="20190516 09:52:49.638" endtime="20190516 09:52:49.809"></status>
</kw>
<status status="PASS" starttime="20190516 09:52:49.637" endtime="20190516 09:52:49.809"></status>
</kw>
<status status="PASS" starttime="20190516 09:52:49.636" endtime="20190516 09:52:49.809"></status>
</kw>
<kw name="Szotarban Van E" library="mylibrary">
<arguments>
<arg>${ADATOK}</arg>
<arg>Email</arg>
</arguments>
<assign>
<var>${vemail}</var>
</assign>
<msg timestamp="20190516 09:52:49.809" level="INFO">${vemail} = True</msg>
<status status="PASS" starttime="20190516 09:52:49.809" endtime="20190516 09:52:49.809"></status>
</kw>
<kw name="Run Keyword If" library="BuiltIn">
<doc>Runs the given keyword with the given arguments, if ``condition`` is true.</doc>
<arguments>
<arg>${vemail}==${TRUE}</arg>
<arg>give the email of partner</arg>
<arg>${ADATOK}[Email]</arg>
</arguments>
<kw name="Give the email of partner" library="po_partners">
<doc>Megadjuk az email címet a partner meghívása során</doc>
<arguments>
<arg>${ADATOK}[Email]</arg>
</arguments>
<kw name="Input Text" library="SeleniumLibrary">
<doc>Types the given ``text`` into text field identified by ``locator``.</doc>
<arguments>
<arg>${PO_PARTNERS_EMAIL_INPUT_ID}</arg>
<arg>${email_cim}</arg>
</arguments>
<msg timestamp="20190516 09:52:49.811" level="INFO">Typing text 'cuwepo@first-mail.info' into text field '//input[@formcontrolname="email"]'.</msg>
<status status="PASS" starttime="20190516 09:52:49.811" endtime="20190516 09:52:50.206"></status>
</kw>
<status status="PASS" starttime="20190516 09:52:49.810" endtime="20190516 09:52:50.206"></status>
</kw>
<status status="PASS" starttime="20190516 09:52:49.810" endtime="20190516 09:52:50.206"></status>
</kw>
<kw name="Szotarban Van E" library="mylibrary">
<arguments>
<arg>${ADATOK}</arg>
<arg>Companyname</arg>
</arguments>
<assign>
<var>${vcompanyname}</var>
</assign>
<msg timestamp="20190516 09:52:50.207" level="INFO">${vcompanyname} = True</msg>
<status status="PASS" starttime="20190516 09:52:50.207" endtime="20190516 09:52:50.208"></status>
</kw>
<kw name="Run Keyword If" library="BuiltIn">
<doc>Runs the given keyword with the given arguments, if ``condition`` is true.</doc>
<arguments>
<arg>${vcompanyname}==${TRUE}</arg>
<arg>Give the company name in new partner page</arg>
<arg>${ADATOK}[Companyname]</arg>
</arguments>
<kw name="Give the company name in new partner page" library="po_partners">
<doc>Az új partner létrehozása oldalon megadja a cégnevet.</doc>
<arguments>
<arg>${ADATOK}[Companyname]</arg>
</arguments>
<kw name="Input Text" library="SeleniumLibrary">
<doc>Types the given ``text`` into text field identified by ``locator``.</doc>
<arguments>
<arg>${PO_P_PAGE_COM_NAME_NEW_PARTNER_ID}</arg>
<arg>${szoveg}</arg>
</arguments>
<msg timestamp="20190516 09:52:50.210" level="INFO">Typing text 'Valami cég' into text field 'xpath=//*[@formgroupname="company"]//*[@formcontrolname="name"]'.</msg>
<status status="PASS" starttime="20190516 09:52:50.209" endtime="20190516 09:52:50.411"></status>
</kw>
<status status="PASS" starttime="20190516 09:52:50.209" endtime="20190516 09:52:50.411"></status>
</kw>
<status status="PASS" starttime="20190516 09:52:50.208" endtime="20190516 09:52:50.411"></status>
</kw>
<kw name="Szotarban Van E" library="mylibrary">
<arguments>
<arg>${ADATOK}</arg>
<arg>Companylongname</arg>
</arguments>
<assign>
<var>${vcompanylongname}</var>
</assign>
<msg timestamp="20190516 09:52:50.412" level="INFO">${vcompanylongname} = True</msg>
<status status="PASS" starttime="20190516 09:52:50.412" endtime="20190516 09:52:50.413"></status>
</kw>
<kw name="Run Keyword If" library="BuiltIn">
<doc>Runs the given keyword with the given arguments, if ``condition`` is true.</doc>
<arguments>
<arg>${vcompanylongname}==${TRUE}</arg>
<arg>Give the copany long name</arg>
<arg>${ADATOK}[Companylongname]</arg>
</arguments>
<kw name="Give the copany long name" library="po_userprofile">
<doc>A profil oldalon megadja a cég hosszú nevét</doc>
<arguments>
<arg>${ADATOK}[Companylongname]</arg>
</arguments>
<kw name="Input Text" library="SeleniumLibrary">
<doc>Types the given ``text`` into text field identified by ``locator``.</doc>
<arguments>
<arg>xpath=//input[@formcontrolname="longName"]</arg>
<arg>${szoveg}</arg>
</arguments>
<msg timestamp="20190516 09:52:50.414" level="INFO">Typing text 'Valami cégnév hosszú név' into text field 'xpath=//input[@formcontrolname="longName"]'.</msg>
<status status="PASS" starttime="20190516 09:52:50.414" endtime="20190516 09:52:50.778"></status>
</kw>
<status status="PASS" starttime="20190516 09:52:50.413" endtime="20190516 09:52:50.778"></status>
</kw>
<status status="PASS" starttime="20190516 09:52:50.413" endtime="20190516 09:52:50.778"></status>
</kw>
<kw name="Szotarban Van E" library="mylibrary">
<arguments>
<arg>${ADATOK}</arg>
<arg>Companyregnumber</arg>
</arguments>
<assign>
<var>${companyregnumber}</var>
</assign>
<msg timestamp="20190516 09:52:50.779" level="INFO">${companyregnumber} = True</msg>
<status status="PASS" starttime="20190516 09:52:50.778" endtime="20190516 09:52:50.779"></status>
</kw>
<kw name="Run Keyword If" library="BuiltIn">
<doc>Runs the given keyword with the given arguments, if ``condition`` is true.</doc>
<arguments>
<arg>${companyregnumber}==${TRUE}</arg>
<arg>Give the registration number</arg>
<arg>${ADATOK}[Companyregnumber]</arg>
</arguments>
<kw name="Give the registration number" library="po_userprofile">
<doc>A profil oldalon megadja a cég cégjegyzékszámát</doc>
<arguments>
<arg>${ADATOK}[Companyregnumber]</arg>
</arguments>
<kw name="Input Text" library="SeleniumLibrary">
<doc>Types the given ``text`` into text field identified by ``locator``.</doc>
<arguments>
<arg>xpath=//input[@formcontrolname="registrationNumber"]</arg>
<arg>${szoveg}</arg>
</arguments>
<msg timestamp="20190516 09:52:50.781" level="INFO">Typing text '12123121212' into text field 'xpath=//input[@formcontrolname="registrationNumber"]'.</msg>
<status status="PASS" starttime="20190516 09:52:50.780" endtime="20190516 09:52:50.985"></status>
</kw>
<status status="PASS" starttime="20190516 09:52:50.780" endtime="20190516 09:52:50.985"></status>
</kw>
<status status="PASS" starttime="20190516 09:52:50.779" endtime="20190516 09:52:50.985"></status>
</kw>
<kw name="Szotarban Van E" library="mylibrary">
<arguments>
<arg>${ADATOK}</arg>
<arg>Companycountry</arg>
</arguments>
<assign>
<var>${vcompanycountry}</var>
</assign>
<msg timestamp="20190516 09:52:50.986" level="INFO">${vcompanycountry} = True</msg>
<status status="PASS" starttime="20190516 09:52:50.985" endtime="20190516 09:52:50.986"></status>
</kw>
<kw name="Run Keyword If" library="BuiltIn">
<doc>Runs the given keyword with the given arguments, if ``condition`` is true.</doc>
<arguments>
<arg>${vcompanycountry}==${TRUE}</arg>
<arg>Give the country2</arg>
<arg>${ADATOK}[Companycountry]</arg>
</arguments>
<kw name="Give the country2" library="po_userprofile">
<arguments>
<arg>${ADATOK}[Companycountry]</arg>
</arguments>
<kw name="Scroll to element" library="Common">
<arguments>
<arg>xpath=//mat-select[@formcontrolname="country"]</arg>
<arg>100</arg>
</arguments>
<kw name="Get Vertical Position" library="SeleniumLibrary">
<doc>Returns vertical position of element identified by ``locator``.</doc>
<arguments>
<arg>${element}</arg>
</arguments>
<assign>
<var>${x}</var>
</assign>
<msg timestamp="20190516 09:52:51.009" level="INFO">${x} = 706</msg>
<status status="PASS" starttime="20190516 09:52:50.989" endtime="20190516 09:52:51.009"></status>
</kw>
<kw name="Windows Scroll" library="alap">
<arguments>
<arg>${x}</arg>
<arg>${y}</arg>
</arguments>
<assign>
<var>${x2}</var>
</assign>
<msg timestamp="20190516 09:52:51.009" level="INFO">${x2} = window.scrollTo(0,606)</msg>
<status status="PASS" starttime="20190516 09:52:51.009" endtime="20190516 09:52:51.009"></status>
</kw>
<kw name="Log" library="BuiltIn">
<doc>Logs the given message with the given level.</doc>
<arguments>
<arg>${x2}</arg>
</arguments>
<msg timestamp="20190516 09:52:51.010" level="INFO">window.scrollTo(0,606)</msg>
<status status="PASS" starttime="20190516 09:52:51.010" endtime="20190516 09:52:51.010"></status>
</kw>
<kw name="Execute Javascript" library="SeleniumLibrary">
<doc>Executes the given JavaScript code with possible arguments.</doc>
<arguments>
<arg>${x2}</arg>
</arguments>
<msg timestamp="20190516 09:52:51.011" level="INFO">Executing JavaScript:
window.scrollTo(0,606)
Without any arguments.</msg>
<status status="PASS" starttime="20190516 09:52:51.010" endtime="20190516 09:52:51.016"></status>
</kw>
<status status="PASS" starttime="20190516 09:52:50.988" endtime="20190516 09:52:51.016"></status>
</kw>
<kw name="Click Element" library="SeleniumLibrary">
<doc>Click element identified by ``locator``.</doc>
<arguments>
<arg>xpath=//mat-select[@formcontrolname="country"]</arg>
</arguments>
<msg timestamp="20190516 09:52:51.017" level="INFO">Clicking element 'xpath=//mat-select[@formcontrolname="country"]'.</msg>
<status status="PASS" starttime="20190516 09:52:51.017" endtime="20190516 09:52:51.119"></status>
</kw>
<kw name="Wait Until Element Is Visible" library="SeleniumLibrary">
<doc>Waits until element ``locator`` is visible.</doc>
<arguments>
<arg>xpath=//div[@class="cdk-overlay-pane"]</arg>
</arguments>
<status status="PASS" starttime="20190516 09:52:51.120" endtime="20190516 09:52:51.162"></status>
</kw>
<kw name="Get listbox item xpath" library="Common_resource">
<doc>A kiválaszott paraméterben megadott elem xpath értéket visszaadja.
1. xpath paraméterben annak az elemnek az elérését kell megadni ami
a lista id-kat tartalmazza.
2. a class-ban pedig az elemet ami az id-kat tartalmazza.</doc>
<arguments>
<arg>${kivlasztott}</arg>
<arg>${ID}</arg>
<arg>aria-owns</arg>
</arguments>
<assign>
<var>${el}</var>
</assign>
<kw name="Get Element Attribute" library="SeleniumLibrary">
<doc>Returns value of ``attribute`` from element ``locator``.</doc>
<arguments>
<arg>${xpath}</arg>
<arg>${class}</arg>
</arguments>
<assign>
<var>${valami}</var>
</assign>
<msg timestamp="20190516 09:52:51.198" level="INFO">${valami} = mat-option-10 mat-option-12 mat-option-13 mat-option-14 mat-option-15 mat-option-16 mat-option-17</msg>
<status status="PASS" starttime="20190516 09:52:51.163" endtime="20190516 09:52:51.198"></status>
</kw>
<kw name="Log" library="BuiltIn">
<doc>Logs the given message with the given level.</doc>
<arguments>
<arg>${valami}</arg>
</arguments>
<msg timestamp="20190516 09:52:51.199" level="INFO">mat-option-10 mat-option-12 mat-option-13 mat-option-14 mat-option-15 mat-option-16 mat-option-17</msg>
<status status="PASS" starttime="20190516 09:52:51.199" endtime="20190516 09:52:51.199"></status>
</kw>
<kw name="Split The Text" library="mylibrary">
<arguments>
<arg>${valami}</arg>
<arg>${SPACE}</arg>
</arguments>
<assign>
<var>@{elemek}</var>
</assign>
<msg timestamp="20190516 09:52:51.200" level="INFO">@{elemek} = [ mat-option-10 | mat-option-12 | mat-option-13 | mat-option-14 | mat-option-15 | mat-option-16 | mat-option-17 ]</msg>
<status status="PASS" starttime="20190516 09:52:51.199" endtime="20190516 09:52:51.200"></status>
</kw>
<kw name="Log" library="BuiltIn">
<doc>Logs the given message with the given level.</doc>
<arguments>
<arg>${elemek}[0]</arg>
</arguments>
<msg timestamp="20190516 09:52:51.200" level="INFO">mat-option-10</msg>
<status status="PASS" starttime="20190516 09:52:51.200" endtime="20190516 09:52:51.200"></status>
</kw>
<kw name="Log" library="BuiltIn">
<doc>Logs the given message with the given level.</doc>
<arguments>
<arg>${elemek}</arg>
</arguments>
<msg timestamp="20190516 09:52:51.201" level="INFO">['mat-option-10', 'mat-option-12', 'mat-option-13', 'mat-option-14', 'mat-option-15', 'mat-option-16', 'mat-option-17']</msg>
<status status="PASS" starttime="20190516 09:52:51.201" endtime="20190516 09:52:51.201"></status>
</kw>
<kw name="Create Dictionary" library="BuiltIn">
<doc>Creates and returns a dictionary based on the given ``items``.</doc>
<assign>
<var>${szotar}</var>
</assign>
<msg timestamp="20190516 09:52:51.202" level="INFO">${szotar} = {}</msg>
<status status="PASS" starttime="20190516 09:52:51.201" endtime="20190516 09:52:51.202"></status>
</kw>
<kw name="${valt} IN [ @{elemek} ]" type="for">
<kw name="${valt} = mat-option-10" type="foritem">
<kw name="Set Variable" library="BuiltIn">
<doc>Returns the given values which can then be assigned to a variables.</doc>
<arguments>
<arg>//*[@id="${valt}"]/span</arg>
</arguments>
<assign>
<var>${resz}</var>
</assign>
<msg timestamp="20190516 09:52:51.203" level="INFO">${resz} = //*[@id="mat-option-10"]/span</msg>
<status status="PASS" starttime="20190516 09:52:51.202" endtime="20190516 09:52:51.203"></status>
</kw>
<kw name="Get Text" library="SeleniumLibrary">
<doc>Returns the text value of element identified by ``locator``.</doc>
<arguments>
<arg>${resz}</arg>
</arguments>
<assign>
<var>${text}</var>
</assign>
<msg timestamp="20190516 09:52:51.249" level="INFO">${text} = Válasszon</msg>
<status status="PASS" starttime="20190516 09:52:51.204" endtime="20190516 09:52:51.250"></status>
</kw>
<kw name="Set To Dictionary" library="Collections">
<doc>Adds the given ``key_value_pairs`` and ``items`` to the ``dictionary``.</doc>
<arguments>
<arg>${szotar}</arg>
<arg>${text}</arg>
<arg>${resz}</arg>
</arguments>
<status status="PASS" starttime="20190516 09:52:51.250" endtime="20190516 09:52:51.251"></status>
</kw>
<status status="PASS" starttime="20190516 09:52:51.202" endtime="20190516 09:52:51.251"></status>
</kw>
<kw name="${valt} = mat-option-12" type="foritem">
<kw name="Set Variable" library="BuiltIn">
<doc>Returns the given values which can then be assigned to a variables.</doc>
<arguments>
<arg>//*[@id="${valt}"]/span</arg>
</arguments>
<assign>
<var>${resz}</var>
</assign>
<msg timestamp="20190516 09:52:51.252" level="INFO">${resz} = //*[@id="mat-option-12"]/span</msg>
<status status="PASS" starttime="20190516 09:52:51.252" endtime="20190516 09:52:51.252"></status>
</kw>
<kw name="Get Text" library="SeleniumLibrary">
<doc>Returns the text value of element identified by ``locator``.</doc>
<arguments>
<arg>${resz}</arg>
</arguments>
<assign>
<var>${text}</var>
</assign>
<msg timestamp="20190516 09:52:51.292" level="INFO">${text} = Németország</msg>
<status status="PASS" starttime="20190516 09:52:51.253" endtime="20190516 09:52:51.292"></status>
</kw>
<kw name="Set To Dictionary" library="Collections">
<doc>Adds the given ``key_value_pairs`` and ``items`` to the ``dictionary``.</doc>
<arguments>
<arg>${szotar}</arg>
<arg>${text}</arg>
<arg>${resz}</arg>
</arguments>
<status status="PASS" starttime="20190516 09:52:51.292" endtime="20190516 09:52:51.292"></status>
</kw>
<status status="PASS" starttime="20190516 09:52:51.251" endtime="20190516 09:52:51.292"></status>
</kw>
<kw name="${valt} = mat-option-13" type="foritem">
<kw name="Set Variable" library="BuiltIn">
<doc>Returns the given values which can then be assigned to a variables.</doc>
<arguments>
<arg>//*[@id="${valt}"]/span</arg>
</arguments>
<assign>
<var>${resz}</var>
</assign>
<msg timestamp="20190516 09:52:51.293" level="INFO">${resz} = //*[@id="mat-option-13"]/span</msg>
<status status="PASS" starttime="20190516 09:52:51.293" endtime="20190516 09:52:51.293"></status>
</kw>
<kw name="Get Text" library="SeleniumLibrary">
<doc>Returns the text value of element identified by ``locator``.</doc>
<arguments>
<arg>${resz}</arg>
</arguments>
<assign>
<var>${text}</var>
</assign>
<msg timestamp="20190516 09:52:51.325" level="INFO">${text} = Dánia</msg>
<status status="PASS" starttime="20190516 09:52:51.293" endtime="20190516 09:52:51.325"></status>
</kw>
<kw name="Set To Dictionary" library="Collections">
<doc>Adds the given ``key_value_pairs`` and ``items`` to the ``dictionary``.</doc>
<arguments>
<arg>${szotar}</arg>
<arg>${text}</arg>
<arg>${resz}</arg>
</arguments>
<status status="PASS" starttime="20190516 09:52:51.325" endtime="20190516 09:52:51.326"></status>
</kw>
<status status="PASS" starttime="20190516 09:52:51.292" endtime="20190516 09:52:51.326"></status>
</kw>
<kw name="${valt} = mat-option-14" type="foritem">
<kw name="Set Variable" library="BuiltIn">
<doc>Returns the given values which can then be assigned to a variables.</doc>
<arguments>
<arg>//*[@id="${valt}"]/span</arg>
</arguments>
<assign>
<var>${resz}</var>
</assign>
<msg timestamp="20190516 09:52:51.327" level="INFO">${resz} = //*[@id="mat-option-14"]/span</msg>
<status status="PASS" starttime="20190516 09:52:51.326" endtime="20190516 09:52:51.327"></status>
</kw>
<kw name="Get Text" library="SeleniumLibrary">
<doc>Returns the text value of element identified by ``locator``.</doc>
<arguments>
<arg>${resz}</arg>
</arguments>
<assign>
<var>${text}</var>
</assign>
<msg timestamp="20190516 09:52:51.359" level="INFO">${text} = Szlovákia</msg>
<status status="PASS" starttime="20190516 09:52:51.327" endtime="20190516 09:52:51.359"></status>
</kw>
<kw name="Set To Dictionary" library="Collections">
<doc>Adds the given ``key_value_pairs`` and ``items`` to the ``dictionary``.</doc>
<arguments>
<arg>${szotar}</arg>
<arg>${text}</arg>
<arg>${resz}</arg>
</arguments>
<status status="PASS" starttime="20190516 09:52:51.360" endtime="20190516 09:52:51.360"></status>
</kw>
<status status="PASS" starttime="20190516 09:52:51.326" endtime="20190516 09:52:51.360"></status>
</kw>
<kw name="${valt} = mat-option-15" type="foritem">
<kw name="Set Variable" library="BuiltIn">
<doc>Returns the given values which can then be assigned to a variables.</doc>
<arguments>
<arg>//*[@id="${valt}"]/span</arg>
</arguments>
<assign>
<var>${resz}</var>
</assign>
<msg timestamp="20190516 09:52:51.361" level="INFO">${resz} = //*[@id="mat-option-15"]/span</msg>
<status status="PASS" starttime="20190516 09:52:51.361" endtime="20190516 09:52:51.361"></status>
</kw>
<kw name="Get Text" library="SeleniumLibrary">
<doc>Returns the text value of element identified by ``locator``.</doc>
<arguments>
<arg>${resz}</arg>
</arguments>
<assign>
<var>${text}</var>
</assign>
<msg timestamp="20190516 09:52:51.392" level="INFO">${text} = Egyesült királyság</msg>
<status status="PASS" starttime="20190516 09:52:51.361" endtime="20190516 09:52:51.392"></status>
</kw>
<kw name="Set To Dictionary" library="Collections">
<doc>Adds the given ``key_value_pairs`` and ``items`` to the ``dictionary``.</doc>
<arguments>
<arg>${szotar}</arg>
<arg>${text}</arg>
<arg>${resz}</arg>
</arguments>
<status status="PASS" starttime="20190516 09:52:51.392" endtime="20190516 09:52:51.393"></status>
</kw>
<status status="PASS" starttime="20190516 09:52:51.360" endtime="20190516 09:52:51.393"></status>
</kw>
<kw name="${valt} = mat-option-16" type="foritem">
<kw name="Set Variable" library="BuiltIn">
<doc>Returns the given values which can then be assigned to a variables.</doc>
<arguments>
<arg>//*[@id="${valt}"]/span</arg>
</arguments>
<assign>
<var>${resz}</var>
</assign>
<msg timestamp="20190516 09:52:51.393" level="INFO">${resz} = //*[@id="mat-option-16"]/span</msg>
<status status="PASS" starttime="20190516 09:52:51.393" endtime="20190516 09:52:51.393"></status>
</kw>
<kw name="Get Text" library="SeleniumLibrary">
<doc>Returns the text value of element identified by ``locator``.</doc>
<arguments>
<arg>${resz}</arg>
</arguments>
<assign>
<var>${text}</var>
</assign>
<msg timestamp="20190516 09:52:51.420" level="INFO">${text} = Lengyelország</msg>
<status status="PASS" starttime="20190516 09:52:51.393" endtime="20190516 09:52:51.420"></status>
</kw>
<kw name="Set To Dictionary" library="Collections">
<doc>Adds the given ``key_value_pairs`` and ``items`` to the ``dictionary``.</doc>
<arguments>
<arg>${szotar}</arg>
<arg>${text}</arg>
<arg>${resz}</arg>
</arguments>
<status status="PASS" starttime="20190516 09:52:51.420" endtime="20190516 09:52:51.420"></status>
</kw>
<status status="PASS" starttime="20190516 09:52:51.393" endtime="20190516 09:52:51.420"></status>
</kw>
<kw name="${valt} = mat-option-17" type="foritem">
<kw name="Set Variable" library="BuiltIn">
<doc>Returns the given values which can then be assigned to a variables.</doc>
<arguments>
<arg>//*[@id="${valt}"]/span</arg>
</arguments>
<assign>
<var>${resz}</var>
</assign>
<msg timestamp="20190516 09:52:51.421" level="INFO">${resz} = //*[@id="mat-option-17"]/span</msg>
<status status="PASS" starttime="20190516 09:52:51.421" endtime="20190516 09:52:51.421"></status>
</kw>
<kw name="Get Text" library="SeleniumLibrary">
<doc>Returns the text value of element identified by ``locator``.</doc>
<arguments>
<arg>${resz}</arg>
</arguments>
<assign>
<var>${text}</var>
</assign>
[...]
<arg>${lan}</arg>
<arg>${adat}</arg>
<arg>${index}</arg>
</arguments>
<kw name="Check value of partner details common" library="partner_adat_megtekintese_resource">
<arguments>
<arg>${adat}</arg>
<arg>${index}</arg>
</arguments>
<kw name="Get common value from partner details page" library="po_partners">
<doc>A partner részleteinek az olaláról visszaadja a megadott elemet.</doc>
<arguments>
<arg>${index}</arg>
</arguments>
<assign>
<var>${ertek}</var>
</assign>
<kw name="Get WebElements" library="SeleniumLibrary">
<doc>Returns list of WebElement objects matching the ``locator``.</doc>
<arguments>
<arg>xpath=//*[@class="lead"]</arg>
</arguments>
<assign>
<var>@{elem}</var>
</assign>
<msg timestamp="20190516 09:53:11.113" level="INFO">@{elem} = [ &lt;selenium.webdriver.remote.webelement.WebElement (session="809c81519dc61fc8fbda7bd8dfbff1c2", element="0.23729530340477623-63")&gt; | &lt;selenium.webdriver.remote.webelement.WebElement (session="809c8151...</msg>
<status status="PASS" starttime="20190516 09:53:11.103" endtime="20190516 09:53:11.113"></status>
</kw>
<kw name="Get From List" library="Collections">
<doc>Returns the value specified with an ``index`` from ``list``.</doc>
<arguments>
<arg>${elem}</arg>
<arg>${index}</arg>
</arguments>
<assign>
<var>${egye_elem}</var>
</assign>
<msg timestamp="20190516 09:53:11.114" level="INFO">${egye_elem} = &lt;selenium.webdriver.remote.webelement.WebElement (session="809c81519dc61fc8fbda7bd8dfbff1c2", element="0.23729530340477623-75")&gt;</msg>
<status status="PASS" starttime="20190516 09:53:11.113" endtime="20190516 09:53:11.114"></status>
</kw>
<kw name="Get Text" library="SeleniumLibrary">
<doc>Returns the text value of element identified by ``locator``.</doc>
<arguments>
<arg>${egye_elem}</arg>
</arguments>
<assign>
<var>${szoveg}</var>
</assign>
<msg timestamp="20190516 09:53:11.129" level="INFO">${szoveg} = Vincze</msg>
<status status="PASS" starttime="20190516 09:53:11.114" endtime="20190516 09:53:11.129"></status>
</kw>
<kw name="Log" library="BuiltIn">
<doc>Logs the given message with the given level.</doc>
<arguments>
<arg>${szoveg}</arg>
</arguments>
<msg timestamp="20190516 09:53:11.130" level="INFO">Vincze</msg>
<status status="PASS" starttime="20190516 09:53:11.130" endtime="20190516 09:53:11.130"></status>
</kw>
<msg timestamp="20190516 09:53:11.130" level="INFO">${ertek} = Vincze</msg>
<status status="PASS" starttime="20190516 09:53:11.102" endtime="20190516 09:53:11.130"></status>
</kw>
<kw name="Should Be Equal" library="BuiltIn">
<doc>Fails if the given objects are unequal.</doc>
<arguments>
<arg>${szoveg}</arg>
<arg>${ertek}</arg>
</arguments>
<status status="PASS" starttime="20190516 09:53:11.130" endtime="20190516 09:53:11.131"></status>
</kw>
<status status="PASS" starttime="20190516 09:53:11.101" endtime="20190516 09:53:11.131"></status>
</kw>
<status status="PASS" starttime="20190516 09:53:11.101" endtime="20190516 09:53:11.131"></status>
</kw>
<status status="PASS" starttime="20190516 09:53:11.099" endtime="20190516 09:53:11.131"></status>
</kw>
<status status="PASS" starttime="20190516 09:53:11.095" endtime="20190516 09:53:11.131" critical="yes"></status>
</test>
<test id="s1-t14" name="ContactLastname">
<kw name="Ellenorzes" library="partner_adat_megtekintese_resource">
<arguments>
<arg>${LAN}</arg>
<arg>szoveg</arg>
<arg>${Partner_data1.Contactlastname}</arg>
<arg>13</arg>
</arguments>
<kw name="Log" library="BuiltIn">
<doc>Logs the given message with the given level.</doc>
<arguments>
<arg>${adat}</arg>
</arguments>
<msg timestamp="20190516 09:53:11.136" level="INFO">Tomi</msg>
<status status="PASS" starttime="20190516 09:53:11.135" endtime="20190516 09:53:11.136"></status>
</kw>
<kw name="Run Keyword If" library="BuiltIn">
<doc>Runs the given keyword with the given arguments, if ``condition`` is true.</doc>
<arguments>
<arg>"${type}" == "szoveg"</arg>
<arg>Check value of partner details common</arg>
<arg>${adat}</arg>
<arg>${index}</arg>
<arg>ELSE IF</arg>
<arg>"${type}" == "cim"</arg>
<arg>Check address value of partner details</arg>
<arg>${lan}</arg>
<arg>${adat}</arg>
<arg>${index}</arg>
</arguments>
<kw name="Check value of partner details common" library="partner_adat_megtekintese_resource">
<arguments>
<arg>${adat}</arg>
<arg>${index}</arg>
</arguments>
<kw name="Get common value from partner details page" library="po_partners">
<doc>A partner részleteinek az olaláról visszaadja a megadott elemet.</doc>
<arguments>
<arg>${index}</arg>
</arguments>
<assign>
<var>${ertek}</var>
</assign>
<kw name="Get WebElements" library="SeleniumLibrary">
<doc>Returns list of WebElement objects matching the ``locator``.</doc>
<arguments>
<arg>xpath=//*[@class="lead"]</arg>
</arguments>
<assign>
<var>@{elem}</var>
</assign>
<msg timestamp="20190516 09:53:11.148" level="INFO">@{elem} = [ &lt;selenium.webdriver.remote.webelement.WebElement (session="809c81519dc61fc8fbda7bd8dfbff1c2", element="0.23729530340477623-63")&gt; | &lt;selenium.webdriver.remote.webelement.WebElement (session="809c8151...</msg>
<status status="PASS" starttime="20190516 09:53:11.138" endtime="20190516 09:53:11.148"></status>
</kw>
<kw name="Get From List" library="Collections">
<doc>Returns the value specified with an ``index`` from ``list``.</doc>
<arguments>
<arg>${elem}</arg>
<arg>${index}</arg>
</arguments>
<assign>
<var>${egye_elem}</var>
</assign>
<msg timestamp="20190516 09:53:11.149" level="INFO">${egye_elem} = &lt;selenium.webdriver.remote.webelement.WebElement (session="809c81519dc61fc8fbda7bd8dfbff1c2", element="0.23729530340477623-76")&gt;</msg>
<status status="PASS" starttime="20190516 09:53:11.148" endtime="20190516 09:53:11.149"></status>
</kw>
<kw name="Get Text" library="SeleniumLibrary">
<doc>Returns the text value of element identified by ``locator``.</doc>
<arguments>
<arg>${egye_elem}</arg>
</arguments>
<assign>
<var>${szoveg}</var>
</assign>
<msg timestamp="20190516 09:53:11.165" level="INFO">${szoveg} = Tomi</msg>
<status status="PASS" starttime="20190516 09:53:11.149" endtime="20190516 09:53:11.166"></status>
</kw>
<kw name="Log" library="BuiltIn">
<doc>Logs the given message with the given level.</doc>
<arguments>
<arg>${szoveg}</arg>
</arguments>
<msg timestamp="20190516 09:53:11.166" level="INFO">Tomi</msg>
<status status="PASS" starttime="20190516 09:53:11.166" endtime="20190516 09:53:11.166"></status>
</kw>
<msg timestamp="20190516 09:53:11.166" level="INFO">${ertek} = Tomi</msg>
<status status="PASS" starttime="20190516 09:53:11.138" endtime="20190516 09:53:11.166"></status>
</kw>
<kw name="Should Be Equal" library="BuiltIn">
<doc>Fails if the given objects are unequal.</doc>
<arguments>
<arg>${szoveg}</arg>
<arg>${ertek}</arg>
</arguments>
<status status="PASS" starttime="20190516 09:53:11.167" endtime="20190516 09:53:11.167"></status>
</kw>
<status status="PASS" starttime="20190516 09:53:11.137" endtime="20190516 09:53:11.167"></status>
</kw>
<status status="PASS" starttime="20190516 09:53:11.137" endtime="20190516 09:53:11.167"></status>
</kw>
<status status="PASS" starttime="20190516 09:53:11.134" endtime="20190516 09:53:11.167"></status>
</kw>
<status status="PASS" starttime="20190516 09:53:11.133" endtime="20190516 09:53:11.168" critical="yes"></status>
</test>
<test id="s1-t15" name="ContactPhone">
<kw name="Ellenorzes" library="partner_adat_megtekintese_resource">
<arguments>
<arg>${LAN}</arg>
<arg>szoveg</arg>
<arg>${Partner_data1.Contactphonenumber}</arg>
<arg>14</arg>
</arguments>
<kw name="Log" library="BuiltIn">
<doc>Logs the given message with the given level.</doc>
<arguments>
<arg>${adat}</arg>
</arguments>
<msg timestamp="20190516 09:53:11.172" level="INFO">+36209602628</msg>
<status status="PASS" starttime="20190516 09:53:11.172" endtime="20190516 09:53:11.172"></status>
</kw>
<kw name="Run Keyword If" library="BuiltIn">
<doc>Runs the given keyword with the given arguments, if ``condition`` is true.</doc>
<arguments>
<arg>"${type}" == "szoveg"</arg>
<arg>Check value of partner details common</arg>
<arg>${adat}</arg>
<arg>${index}</arg>
<arg>ELSE IF</arg>
<arg>"${type}" == "cim"</arg>
<arg>Check address value of partner details</arg>
<arg>${lan}</arg>
<arg>${adat}</arg>
<arg>${index}</arg>
</arguments>
<kw name="Check value of partner details common" library="partner_adat_megtekintese_resource">
<arguments>
<arg>${adat}</arg>
<arg>${index}</arg>
</arguments>
<kw name="Get common value from partner details page" library="po_partners">
<doc>A partner részleteinek az olaláról visszaadja a megadott elemet.</doc>
<arguments>
<arg>${index}</arg>
</arguments>
<assign>
<var>${ertek}</var>
</assign>
<kw name="Get WebElements" library="SeleniumLibrary">
<doc>Returns list of WebElement objects matching the ``locator``.</doc>
<arguments>
<arg>xpath=//*[@class="lead"]</arg>
</arguments>
<assign>
<var>@{elem}</var>
</assign>
<msg timestamp="20190516 09:53:11.183" level="INFO">@{elem} = [ &lt;selenium.webdriver.remote.webelement.WebElement (session="809c81519dc61fc8fbda7bd8dfbff1c2", element="0.23729530340477623-63")&gt; | &lt;selenium.webdriver.remote.webelement.WebElement (session="809c8151...</msg>
<status status="PASS" starttime="20190516 09:53:11.174" endtime="20190516 09:53:11.183"></status>
</kw>
<kw name="Get From List" library="Collections">
<doc>Returns the value specified with an ``index`` from ``list``.</doc>
<arguments>
<arg>${elem}</arg>
<arg>${index}</arg>
</arguments>
<assign>
<var>${egye_elem}</var>
</assign>
<msg timestamp="20190516 09:53:11.184" level="INFO">${egye_elem} = &lt;selenium.webdriver.remote.webelement.WebElement (session="809c81519dc61fc8fbda7bd8dfbff1c2", element="0.23729530340477623-77")&gt;</msg>
<status status="PASS" starttime="20190516 09:53:11.184" endtime="20190516 09:53:11.184"></status>
</kw>
<kw name="Get Text" library="SeleniumLibrary">
<doc>Returns the text value of element identified by ``locator``.</doc>
<arguments>
<arg>${egye_elem}</arg>
</arguments>
<assign>
<var>${szoveg}</var>
</assign>
<msg timestamp="20190516 09:53:11.200" level="INFO">${szoveg} = +36209602628</msg>
<status status="PASS" starttime="20190516 09:53:11.184" endtime="20190516 09:53:11.200"></status>
</kw>
<kw name="Log" library="BuiltIn">
<doc>Logs the given message with the given level.</doc>
<arguments>
<arg>${szoveg}</arg>
</arguments>
<msg timestamp="20190516 09:53:11.200" level="INFO">+36209602628</msg>
<status status="PASS" starttime="20190516 09:53:11.200" endtime="20190516 09:53:11.201"></status>
</kw>
<msg timestamp="20190516 09:53:11.201" level="INFO">${ertek} = +36209602628</msg>
<status status="PASS" starttime="20190516 09:53:11.174" endtime="20190516 09:53:11.201"></status>
</kw>
<kw name="Should Be Equal" library="BuiltIn">
<doc>Fails if the given objects are unequal.</doc>
<arguments>
<arg>${szoveg}</arg>
<arg>${ertek}</arg>
</arguments>
<status status="PASS" starttime="20190516 09:53:11.201" endtime="20190516 09:53:11.202"></status>
</kw>
<status status="PASS" starttime="20190516 09:53:11.173" endtime="20190516 09:53:11.202"></status>
</kw>
<status status="PASS" starttime="20190516 09:53:11.173" endtime="20190516 09:53:11.202"></status>
</kw>
<status status="PASS" starttime="20190516 09:53:11.171" endtime="20190516 09:53:11.202"></status>
</kw>
<status status="PASS" starttime="20190516 09:53:11.170" endtime="20190516 09:53:11.203" critical="yes"></status>
</test>
<test id="s1-t16" name="Contactemail">
<kw name="Ellenorzes" library="partner_adat_megtekintese_resource">
<arguments>
<arg>${LAN}</arg>
<arg>szoveg</arg>
<arg>${Partner_data1.Contactemail}</arg>
<arg>15</arg>
</arguments>
<kw name="Log" library="BuiltIn">
<doc>Logs the given message with the given level.</doc>
<arguments>
<arg>${adat}</arg>
</arguments>
<msg timestamp="20190516 09:53:11.207" level="INFO">tamas.vincze@interticket.hu</msg>
<status status="PASS" starttime="20190516 09:53:11.207" endtime="20190516 09:53:11.207"></status>
</kw>
<kw name="Run Keyword If" library="BuiltIn">
<doc>Runs the given keyword with the given arguments, if ``condition`` is true.</doc>
<arguments>
<arg>"${type}" == "szoveg"</arg>
<arg>Check value of partner details common</arg>
<arg>${adat}</arg>
<arg>${index}</arg>
<arg>ELSE IF</arg>
<arg>"${type}" == "cim"</arg>
<arg>Check address value of partner details</arg>
<arg>${lan}</arg>
<arg>${adat}</arg>
<arg>${index}</arg>
</arguments>
<kw name="Check value of partner details common" library="partner_adat_megtekintese_resource">
<arguments>
<arg>${adat}</arg>
<arg>${index}</arg>
</arguments>
<kw name="Get common value from partner details page" library="po_partners">
<doc>A partner részleteinek az olaláról visszaadja a megadott elemet.</doc>
<arguments>
<arg>${index}</arg>
</arguments>
<assign>
<var>${ertek}</var>
</assign>
<kw name="Get WebElements" library="SeleniumLibrary">
<doc>Returns list of WebElement objects matching the ``locator``.</doc>
<arguments>
<arg>xpath=//*[@class="lead"]</arg>
</arguments>
<assign>
<var>@{elem}</var>
</assign>
<msg timestamp="20190516 09:53:11.218" level="INFO">@{elem} = [ &lt;selenium.webdriver.remote.webelement.WebElement (session="809c81519dc61fc8fbda7bd8dfbff1c2", element="0.23729530340477623-63")&gt; | &lt;selenium.webdriver.remote.webelement.WebElement (session="809c8151...</msg>
<status status="PASS" starttime="20190516 09:53:11.209" endtime="20190516 09:53:11.218"></status>
</kw>
<kw name="Get From List" library="Collections">
<doc>Returns the value specified with an ``index`` from ``list``.</doc>
<arguments>
<arg>${elem}</arg>
<arg>${index}</arg>
</arguments>
<assign>
<var>${egye_elem}</var>
</assign>
<msg timestamp="20190516 09:53:11.219" level="INFO">${egye_elem} = &lt;selenium.webdriver.remote.webelement.WebElement (session="809c81519dc61fc8fbda7bd8dfbff1c2", element="0.23729530340477623-78")&gt;</msg>
<status status="PASS" starttime="20190516 09:53:11.218" endtime="20190516 09:53:11.219"></status>
</kw>
<kw name="Get Text" library="SeleniumLibrary">
<doc>Returns the text value of element identified by ``locator``.</doc>
<arguments>
<arg>${egye_elem}</arg>
</arguments>
<assign>
<var>${szoveg}</var>
</assign>
<msg timestamp="20190516 09:53:11.240" level="INFO">${szoveg} = tamas.vincze@interticket.hu</msg>
<status status="PASS" starttime="20190516 09:53:11.220" endtime="20190516 09:53:11.240"></status>
</kw>
<kw name="Log" library="BuiltIn">
<doc>Logs the given message with the given level.</doc>
<arguments>
<arg>${szoveg}</arg>
</arguments>
<msg timestamp="20190516 09:53:11.240" level="INFO">tamas.vincze@interticket.hu</msg>
<status status="PASS" starttime="20190516 09:53:11.240" endtime="20190516 09:53:11.240"></status>
</kw>
<msg timestamp="20190516 09:53:11.241" level="INFO">${ertek} = tamas.vincze@interticket.hu</msg>
<status status="PASS" starttime="20190516 09:53:11.208" endtime="20190516 09:53:11.241"></status>
</kw>
<kw name="Should Be Equal" library="BuiltIn">
<doc>Fails if the given objects are unequal.</doc>
<arguments>
<arg>${szoveg}</arg>
<arg>${ertek}</arg>
</arguments>
<status status="PASS" starttime="20190516 09:53:11.241" endtime="20190516 09:53:11.241"></status>
</kw>
<status status="PASS" starttime="20190516 09:53:11.208" endtime="20190516 09:53:11.241"></status>
</kw>
<status status="PASS" starttime="20190516 09:53:11.207" endtime="20190516 09:53:11.241"></status>
</kw>
<status status="PASS" starttime="20190516 09:53:11.206" endtime="20190516 09:53:11.241"></status>
</kw>
<status status="PASS" starttime="20190516 09:53:11.205" endtime="20190516 09:53:11.242" critical="yes"></status>
</test>
<test id="s1-t17" name="Jobdescription">
<kw name="Ellenorzes" library="partner_adat_megtekintese_resource">
<arguments>
<arg>${LAN}</arg>
<arg>szoveg</arg>
<arg>${Partner_data1.Jobdesctiption}</arg>
<arg>16</arg>
</arguments>
<kw name="Log" library="BuiltIn">
<doc>Logs the given message with the given level.</doc>
<arguments>
<arg>${adat}</arg>
</arguments>
<msg timestamp="20190516 09:53:11.245" level="INFO">Tesztelés</msg>
<status status="PASS" starttime="20190516 09:53:11.245" endtime="20190516 09:53:11.245"></status>
</kw>
<kw name="Run Keyword If" library="BuiltIn">
<doc>Runs the given keyword with the given arguments, if ``condition`` is true.</doc>
<arguments>
<arg>"${type}" == "szoveg"</arg>
<arg>Check value of partner details common</arg>
<arg>${adat}</arg>
<arg>${index}</arg>
<arg>ELSE IF</arg>
<arg>"${type}" == "cim"</arg>
<arg>Check address value of partner details</arg>
<arg>${lan}</arg>
<arg>${adat}</arg>
<arg>${index}</arg>
</arguments>
<kw name="Check value of partner details common" library="partner_adat_megtekintese_resource">
<arguments>
<arg>${adat}</arg>
<arg>${index}</arg>
</arguments>
<kw name="Get common value from partner details page" library="po_partners">
<doc>A partner részleteinek az olaláról visszaadja a megadott elemet.</doc>
<arguments>
<arg>${index}</arg>
</arguments>
<assign>
<var>${ertek}</var>
</assign>
<kw name="Get WebElements" library="SeleniumLibrary">
<doc>Returns list of WebElement objects matching the ``locator``.</doc>
<arguments>
<arg>xpath=//*[@class="lead"]</arg>
</arguments>
<assign>
<var>@{elem}</var>
</assign>
<msg timestamp="20190516 09:53:11.257" level="INFO">@{elem} = [ &lt;selenium.webdriver.remote.webelement.WebElement (session="809c81519dc61fc8fbda7bd8dfbff1c2", element="0.23729530340477623-63")&gt; | &lt;selenium.webdriver.remote.webelement.WebElement (session="809c8151...</msg>
<status status="PASS" starttime="20190516 09:53:11.247" endtime="20190516 09:53:11.257"></status>
</kw>
<kw name="Get From List" library="Collections">
<doc>Returns the value specified with an ``index`` from ``list``.</doc>
<arguments>
<arg>${elem}</arg>
<arg>${index}</arg>
</arguments>
<assign>
<var>${egye_elem}</var>
</assign>
<msg timestamp="20190516 09:53:11.258" level="INFO">${egye_elem} = &lt;selenium.webdriver.remote.webelement.WebElement (session="809c81519dc61fc8fbda7bd8dfbff1c2", element="0.23729530340477623-79")&gt;</msg>
<status status="PASS" starttime="20190516 09:53:11.257" endtime="20190516 09:53:11.258"></status>
</kw>
<kw name="Get Text" library="SeleniumLibrary">
<doc>Returns the text value of element identified by ``locator``.</doc>
<arguments>
<arg>${egye_elem}</arg>
</arguments>
<assign>
<var>${szoveg}</var>
</assign>
<msg timestamp="20190516 09:53:11.273" level="INFO">${szoveg} = Tesztelés</msg>
<status status="PASS" starttime="20190516 09:53:11.258" endtime="20190516 09:53:11.273"></status>
</kw>
<kw name="Log" library="BuiltIn">
<doc>Logs the given message with the given level.</doc>
<arguments>
<arg>${szoveg}</arg>
</arguments>
<msg timestamp="20190516 09:53:11.274" level="INFO">Tesztelés</msg>
<status status="PASS" starttime="20190516 09:53:11.274" endtime="20190516 09:53:11.274"></status>
</kw>
<msg timestamp="20190516 09:53:11.274" level="INFO">${ertek} = Tesztelés</msg>
<status status="PASS" starttime="20190516 09:53:11.247" endtime="20190516 09:53:11.274"></status>
</kw>
<kw name="Should Be Equal" library="BuiltIn">
<doc>Fails if the given objects are unequal.</doc>
<arguments>
<arg>${szoveg}</arg>
<arg>${ertek}</arg>
</arguments>
<status status="PASS" starttime="20190516 09:53:11.274" endtime="20190516 09:53:11.275"></status>
</kw>
<status status="PASS" starttime="20190516 09:53:11.246" endtime="20190516 09:53:11.275"></status>
</kw>
<status status="PASS" starttime="20190516 09:53:11.246" endtime="20190516 09:53:11.275"></status>
</kw>
<status status="PASS" starttime="20190516 09:53:11.244" endtime="20190516 09:53:11.275"></status>
</kw>
<status status="PASS" starttime="20190516 09:53:11.243" endtime="20190516 09:53:11.276" critical="yes"></status>
</test>
<status status="PASS" starttime="20190516 09:51:52.952" endtime="20190516 09:53:11.278"></status>
</suite>
<statistics>
<total>
<stat pass="17" fail="0">Critical Tests</stat>
<stat pass="17" fail="0">All Tests</stat>
</total>
<tag>
</tag>
<suite>
<stat pass="17" fail="0" id="s1" name="Megtekintes">Megtekintes</stat>
</suite>
</statistics>
<errors>
</errors>
</robot>
