<?xml version="1.0" encoding="UTF-8"?>
<robot generator="Robot 3.1.1 (Python 3.6.2 on win32)" generated="20190324 19:27:05.044" rpa="false">
<suite id="s1" name="Partner Invite" source="C:\development\robot-scripts\varoskartya\Tests\Partnerek\partner_invite.robot">
<test id="s1-t1" name="test3">
<kw name="Begin web test" library="Common">
<doc>Megnyit egy adott weboldalt a browserrel</doc>
<arguments>
<arg>https://temp-mail.org/</arg>
<arg>chrome</arg>
</arguments>
<kw name="Open Browser" library="SeleniumLibrary">
<doc>Opens a new browser instance to the given ``url``.</doc>
<arguments>
<arg>about:blank</arg>
<arg>${browser}</arg>
</arguments>
<msg timestamp="20190324 19:27:05.412" level="INFO">Opening browser 'chrome' to base url 'about:blank'.</msg>
<status status="PASS" starttime="20190324 19:27:05.412" endtime="20190324 19:27:08.318"></status>
</kw>
<kw name="Run Keyword If" library="BuiltIn">
<doc>Runs the given keyword with the given arguments, if ``condition`` is true.</doc>
<arguments>
<arg>'${browser}' == 'chrome'</arg>
<arg>maximize browser window</arg>
</arguments>
<kw name="Maximize Browser Window" library="SeleniumLibrary">
<doc>Maximizes current browser window.</doc>
<status status="PASS" starttime="20190324 19:27:08.320" endtime="20190324 19:27:09.466"></status>
</kw>
<status status="PASS" starttime="20190324 19:27:08.319" endtime="20190324 19:27:09.466"></status>
</kw>
<kw name="Go To" library="SeleniumLibrary">
<doc>Navigates the active browser instance to the provided ``url``.</doc>
<arguments>
<arg>${oldal}</arg>
</arguments>
<msg timestamp="20190324 19:27:09.466" level="INFO">Opening url 'https://temp-mail.org/'</msg>
<status status="PASS" starttime="20190324 19:27:09.466" endtime="20190324 19:27:09.813"></status>
</kw>
<status status="PASS" starttime="20190324 19:27:05.411" endtime="20190324 19:27:09.814"></status>
</kw>
<kw name="Wait Until Element Is Visible" library="SeleniumLibrary">
<doc>Waits until element ``locator`` is visible.</doc>
<arguments>
<arg>id=mail</arg>
<arg>20</arg>
</arguments>
<status status="PASS" starttime="20190324 19:27:09.816" endtime="20190324 19:27:16.480"></status>
</kw>
<kw name="Get Value" library="SeleniumLibrary">
<doc>Returns the value attribute of element identified by ``locator``.</doc>
<arguments>
<arg>id=mail</arg>
</arguments>
<assign>
<var>${email}</var>
</assign>
<msg timestamp="20190324 19:27:16.508" level="INFO">${email} = woyaji@postemail.net</msg>
<status status="PASS" starttime="20190324 19:27:16.481" endtime="20190324 19:27:16.509"></status>
</kw>
<kw name="Log" library="BuiltIn">
<doc>Logs the given message with the given level.</doc>
<arguments>
<arg>${email}</arg>
</arguments>
<msg timestamp="20190324 19:27:16.510" level="INFO">woyaji@postemail.net</msg>
<status status="PASS" starttime="20190324 19:27:16.509" endtime="20190324 19:27:16.510"></status>
</kw>
<kw name="Go To" library="SeleniumLibrary">
<doc>Navigates the active browser instance to the provided ``url``.</doc>
<arguments>
<arg>${OLDAL_URL}</arg>
</arguments>
<msg timestamp="20190324 19:27:16.511" level="INFO">Opening url 'https://dev.varoskartya.com/'</msg>
<status status="PASS" starttime="20190324 19:27:16.511" endtime="20190324 19:27:30.724"></status>
</kw>
<kw name="Give regeistration data and click the login button" library="login_resource">
<arguments>
<arg>${box_office1_email_ok}</arg>
<arg>${box_office1_password_ok }</arg>
</arguments>
<kw name="Give the email in the login page" library="po_login">
<arguments>
<arg>${e_mail}</arg>
</arguments>
<kw name="Input Text" library="SeleniumLibrary">
<doc>Types the given ``text`` into text field identified by ``locator``.</doc>
<arguments>
<arg>${PO_LOGIN_INPUT_EMAIL_ID}</arg>
<arg>${email}</arg>
</arguments>
<msg timestamp="20190324 19:27:30.725" level="INFO">Typing text 'admin@interticket.hu' into text field 'css=input[formcontrolname=username]'.</msg>
<kw name="Capture Page Screenshot" library="SeleniumLibrary">
<doc>Takes screenshot of the current page and embeds it into log file.</doc>
<msg timestamp="20190324 19:27:31.206" level="INFO" html="yes">&lt;/td&gt;&lt;/tr&gt;&lt;tr&gt;&lt;td colspan="3"&gt;&lt;a href="selenium-screenshot-1.png"&gt;&lt;img src="selenium-screenshot-1.png" width="800px"&gt;&lt;/a&gt;</msg>
<status status="PASS" starttime="20190324 19:27:30.751" endtime="20190324 19:27:31.206"></status>
</kw>
<msg timestamp="20190324 19:27:31.213" level="FAIL">Element with locator 'css=input[formcontrolname=username]' not found.</msg>
<status status="FAIL" starttime="20190324 19:27:30.725" endtime="20190324 19:27:31.213"></status>
</kw>
<status status="FAIL" starttime="20190324 19:27:30.725" endtime="20190324 19:27:31.213"></status>
</kw>
<status status="FAIL" starttime="20190324 19:27:30.725" endtime="20190324 19:27:31.213"></status>
</kw>
<tags>
<tag>most3</tag>
</tags>
<status status="FAIL" starttime="20190324 19:27:05.409" endtime="20190324 19:27:31.217" critical="yes">Element with locator 'css=input[formcontrolname=username]' not found.</status>
</test>
<doc>A partner meghívásának a tesztelése</doc>
<status status="FAIL" starttime="20190324 19:27:05.049" endtime="20190324 19:27:31.223"></status>
</suite>
<statistics>
<total>
<stat pass="0" fail="1">Critical Tests</stat>
<stat pass="0" fail="1">All Tests</stat>
</total>
<tag>
<stat pass="0" fail="1">most3</stat>
</tag>
<suite>
<stat pass="0" fail="1" id="s1" name="Partner Invite">Partner Invite</stat>
</suite>
</statistics>
<errors>
</errors>
</robot>
